2018-03-26 14:51:51 - MOD: Modification Default

FILE: system/engine/action.php
REGEX: ~(require|include)(_once)?\(([^)]+)~
LINE: 41

FILE: system/engine/loader.php
REGEX: ~(require|include)(_once)?\(([^)]+)~
LINE: 49
LINE: 108
LINE: 120
LINE: 165

FILE: system/library/config.php
REGEX: ~(require|include)(_once)?\(([^)]+)~
LINE: 23

FILE: system/library/language.php
REGEX: ~(require|include)(_once)?\(([^)]+)~
LINE: 38
LINE: 40
LINE: 49
LINE: 51
LINE: 60
LINE: 62

FILE: system/library/template/php.php
REGEX: ~(require|include)(_once)?\(([^)]+)~
LINE: 18

FILE: system/library/template/tiwg.php
REGEX: ~(require|include)(_once)?\(([^)]+)~
LINE: 24
----------------------------------------------------------------
MOD: Export/Import Tool (V2.30) for OpenCart 2.x
----------------------------------------------------------------
2018-03-26 14:52:15 - MOD: Modification Default

FILE: system/engine/action.php
REGEX: ~(require|include)(_once)?\(([^)]+)~
LINE: 41

FILE: system/engine/loader.php
REGEX: ~(require|include)(_once)?\(([^)]+)~
LINE: 49
LINE: 108
LINE: 120
LINE: 165

FILE: system/library/config.php
REGEX: ~(require|include)(_once)?\(([^)]+)~
LINE: 23

FILE: system/library/language.php
REGEX: ~(require|include)(_once)?\(([^)]+)~
LINE: 38
LINE: 40
LINE: 49
LINE: 51
LINE: 60
LINE: 62

FILE: system/library/template/php.php
REGEX: ~(require|include)(_once)?\(([^)]+)~
LINE: 18

FILE: system/library/template/tiwg.php
REGEX: ~(require|include)(_once)?\(([^)]+)~
LINE: 24
----------------------------------------------------------------
MOD: Export/Import Tool (V2.30) for OpenCart 2.x
----------------------------------------------------------------
2018-03-26 14:58:01 - MOD: Modification Default

FILE: system/engine/action.php
REGEX: ~(require|include)(_once)?\(([^)]+)~
LINE: 41

FILE: system/engine/loader.php
REGEX: ~(require|include)(_once)?\(([^)]+)~
LINE: 49
LINE: 108
LINE: 120
LINE: 165

FILE: system/library/config.php
REGEX: ~(require|include)(_once)?\(([^)]+)~
LINE: 23

FILE: system/library/language.php
REGEX: ~(require|include)(_once)?\(([^)]+)~
LINE: 38
LINE: 40
LINE: 49
LINE: 51
LINE: 60
LINE: 62

FILE: system/library/template/php.php
REGEX: ~(require|include)(_once)?\(([^)]+)~
LINE: 18

FILE: system/library/template/tiwg.php
REGEX: ~(require|include)(_once)?\(([^)]+)~
LINE: 24
----------------------------------------------------------------
MOD: Export/Import Tool (V2.30) for OpenCart 2.x
----------------------------------------------------------------
MOD: Export/Import Tool (V3.20) for OpenCart 2.x

FILE: admin/controller/common/column_left.php
CODE: if ($this->user->hasPermission('access', 'tool/log')) {
LINE: 635

FILE: admin/language/en-gb/common/column_left.php
CODE: $_['text_backup']
LINE: 9
----------------------------------------------------------------
2018-03-30 18:03:03 - MOD: Modification Default

FILE: system/engine/action.php
REGEX: ~(require|include)(_once)?\(([^)]+)~
LINE: 41

FILE: system/engine/loader.php
REGEX: ~(require|include)(_once)?\(([^)]+)~
LINE: 49
LINE: 108
LINE: 120
LINE: 165

FILE: system/library/config.php
REGEX: ~(require|include)(_once)?\(([^)]+)~
LINE: 23

FILE: system/library/language.php
REGEX: ~(require|include)(_once)?\(([^)]+)~
LINE: 38
LINE: 40
LINE: 49
LINE: 51
LINE: 60
LINE: 62

FILE: system/library/template/php.php
REGEX: ~(require|include)(_once)?\(([^)]+)~
LINE: 18

FILE: system/library/template/tiwg.php
REGEX: ~(require|include)(_once)?\(([^)]+)~
LINE: 24
----------------------------------------------------------------
MOD: Export/Import Tool (V2.30) for OpenCart 2.x
----------------------------------------------------------------
MOD: Export/Import Tool (V3.20) for OpenCart 2.x

FILE: admin/controller/common/column_left.php
CODE: if ($this->user->hasPermission('access', 'tool/log')) {
LINE: 635

FILE: admin/language/en-gb/common/column_left.php
CODE: $_['text_backup']
LINE: 9
----------------------------------------------------------------
2018-03-30 18:03:08 - MOD: Modification Default

FILE: system/engine/action.php
REGEX: ~(require|include)(_once)?\(([^)]+)~
LINE: 41

FILE: system/engine/loader.php
REGEX: ~(require|include)(_once)?\(([^)]+)~
LINE: 49
LINE: 108
LINE: 120
LINE: 165

FILE: system/library/config.php
REGEX: ~(require|include)(_once)?\(([^)]+)~
LINE: 23

FILE: system/library/language.php
REGEX: ~(require|include)(_once)?\(([^)]+)~
LINE: 38
LINE: 40
LINE: 49
LINE: 51
LINE: 60
LINE: 62

FILE: system/library/template/php.php
REGEX: ~(require|include)(_once)?\(([^)]+)~
LINE: 18

FILE: system/library/template/tiwg.php
REGEX: ~(require|include)(_once)?\(([^)]+)~
LINE: 24
----------------------------------------------------------------
2018-03-30 18:35:30 - MOD: Modification Default

FILE: system/engine/action.php
REGEX: ~(require|include)(_once)?\(([^)]+)~
LINE: 41

FILE: system/engine/loader.php
REGEX: ~(require|include)(_once)?\(([^)]+)~
LINE: 49
LINE: 108
LINE: 120
LINE: 165

FILE: system/library/config.php
REGEX: ~(require|include)(_once)?\(([^)]+)~
LINE: 23

FILE: system/library/language.php
REGEX: ~(require|include)(_once)?\(([^)]+)~
LINE: 38
LINE: 40
LINE: 49
LINE: 51
LINE: 60
LINE: 62

FILE: system/library/template/php.php
REGEX: ~(require|include)(_once)?\(([^)]+)~
LINE: 18

FILE: system/library/template/tiwg.php
REGEX: ~(require|include)(_once)?\(([^)]+)~
LINE: 24
----------------------------------------------------------------
2018-03-31 10:51:06 - MOD: Modification Default

FILE: system/engine/action.php
REGEX: ~(require|include)(_once)?\(([^)]+)~
LINE: 41

FILE: system/engine/loader.php
REGEX: ~(require|include)(_once)?\(([^)]+)~
LINE: 49
LINE: 108
LINE: 120
LINE: 165

FILE: system/library/config.php
REGEX: ~(require|include)(_once)?\(([^)]+)~
LINE: 23

FILE: system/library/language.php
REGEX: ~(require|include)(_once)?\(([^)]+)~
LINE: 38
LINE: 40
LINE: 49
LINE: 51
LINE: 60
LINE: 62

FILE: system/library/template/php.php
REGEX: ~(require|include)(_once)?\(([^)]+)~
LINE: 18

FILE: system/library/template/tiwg.php
REGEX: ~(require|include)(_once)?\(([^)]+)~
LINE: 24
----------------------------------------------------------------
2018-03-31 17:05:39 - MOD: Modification Default

FILE: system/engine/action.php
REGEX: ~(require|include)(_once)?\(([^)]+)~
LINE: 41

FILE: system/engine/loader.php
REGEX: ~(require|include)(_once)?\(([^)]+)~
LINE: 49
LINE: 108
LINE: 120
LINE: 165

FILE: system/library/config.php
REGEX: ~(require|include)(_once)?\(([^)]+)~
LINE: 23

FILE: system/library/language.php
REGEX: ~(require|include)(_once)?\(([^)]+)~
LINE: 38
LINE: 40
LINE: 49
LINE: 51
LINE: 60
LINE: 62

FILE: system/library/template/php.php
REGEX: ~(require|include)(_once)?\(([^)]+)~
LINE: 18

FILE: system/library/template/tiwg.php
REGEX: ~(require|include)(_once)?\(([^)]+)~
LINE: 24
----------------------------------------------------------------
MOD: Guest Newsletter Subscription

FILE: admin/controller/marketing/contact.php
CODE: $this->load->model('sale/order');
LINE: 108
CODE: case 'newsletter':
LINE: 126
CODE: case 'customer_all':
LINE: 146
----------------------------------------------------------------
2018-04-01 12:31:38 - MOD: Modification Default

FILE: system/engine/action.php
REGEX: ~(require|include)(_once)?\(([^)]+)~
LINE: 41

FILE: system/engine/loader.php
REGEX: ~(require|include)(_once)?\(([^)]+)~
LINE: 49
LINE: 108
LINE: 120
LINE: 165

FILE: system/library/config.php
REGEX: ~(require|include)(_once)?\(([^)]+)~
LINE: 23

FILE: system/library/language.php
REGEX: ~(require|include)(_once)?\(([^)]+)~
LINE: 38
LINE: 40
LINE: 49
LINE: 51
LINE: 60
LINE: 62

FILE: system/library/template/php.php
REGEX: ~(require|include)(_once)?\(([^)]+)~
LINE: 18

FILE: system/library/template/tiwg.php
REGEX: ~(require|include)(_once)?\(([^)]+)~
LINE: 24
----------------------------------------------------------------
MOD: Guest Newsletter Subscription

FILE: admin/controller/marketing/contact.php
CODE: $this->load->model('sale/order');
LINE: 108
CODE: case 'newsletter':
LINE: 126
CODE: case 'customer_all':
LINE: 146
----------------------------------------------------------------
MOD: Local copy OCMOD by iSenseLabs

FILE: admin/controller/extension/installer.php
CODE: 'url'  => str_replace('&amp;', '&', $this->url->link('extension/installer/ftp', 'token=' . $this->session->data['token'],
LINE: 131
CODE: public function unzip() {
LINE: 292
----------------------------------------------------------------
MOD: OCFilter Modification

FILE: admin/controller/catalog/product.php
CODE: function getForm() {
LINE: 549
CODE: $this->language->get('tab_general');
LINE: 657

FILE: admin/controller/common/column_left.php
CODE: if ($this->user->hasPermission('access', 'catalog/filter')) {
LINE: 98

FILE: admin/language/en-gb/catalog/product.php
CODE: $_['text_success']
LINE: 12

FILE: admin/language/ru-ru/catalog/product.php
CODE: $_['text_success']
LINE: 12

FILE: admin/language/en-gb/common/column_left.php
CODE: $_['text_option']
LINE: 43

FILE: admin/language/ru-ru/common/column_left.php
CODE: $_['text_option']
LINE: 43

FILE: admin/model/catalog/product.php
CODE: if (isset($data['image'])) {
LINE: 22
LINE: 161
CODE: $data['product_attribute'] = $this->getProductAttributes($product_id);
LINE: 329
CODE: $this->db->query("DELETE FROM " . DB_PREFIX . "product WHERE product_id = '" . (int)$product_id . "'");
LINE: 354

FILE: admin/view/template/catalog/product_form.tpl
CODE: <?php echo $footer; ?>
LINE: 1435

FILE: catalog/controller/startup/maintenance.php
CODE: index() {
LINE: 7

FILE: catalog/controller/startup/seo_url.php
CODE: $this->url->addRewrite($this);
LINE: 12

FILE: catalog/model/catalog/product.php
CODE: $sql .= " LEFT JOIN " . DB_PREFIX . "product_description
LINE: 92
LINE: 464
CODE: if (!empty($data['filter_manufacturer_id
LINE: 173
LINE: 552

FILE: catalog/controller/product/category.php
CODE: $data['breadcrumbs'] = array();
LINE: 50
CODE: $product_total =
LINE: 193
LINE: 462
CODE: if (isset($this->request->get['filter'])) {
LINE: 252
CODE: if (isset($this->request->get['filter'])) {
LINE: 305
CODE: if (isset($this->request->get['filter'])) {
LINE: 340
CODE: $data['limit'] = $limit;
LINE: 478

FILE: system/library/document.php
CODE: public function getLinks
LINE: 51
CODE: private $keywords;
LINE: 9
CODE: public function setTitle($title) {
LINE: 25

FILE: catalog/controller/common/header.php
CODE: $data['scripts'] = $this->document->getScripts();
LINE: 38

FILE: catalog/view/theme/default/template/common/header.tpl
CODE: </title>
LINE: 18

FILE: catalog/view/theme/okshop/template/common/header.tpl
CODE: </title>
LINE: 12
----------------------------------------------------------------
2018-04-01 12:31:39 - MOD: Modification Default

FILE: system/engine/action.php
REGEX: ~(require|include)(_once)?\(([^)]+)~
LINE: 41

FILE: system/engine/loader.php
REGEX: ~(require|include)(_once)?\(([^)]+)~
LINE: 49
LINE: 108
LINE: 120
LINE: 165

FILE: system/library/config.php
REGEX: ~(require|include)(_once)?\(([^)]+)~
LINE: 23

FILE: system/library/language.php
REGEX: ~(require|include)(_once)?\(([^)]+)~
LINE: 38
LINE: 40
LINE: 49
LINE: 51
LINE: 60
LINE: 62

FILE: system/library/template/php.php
REGEX: ~(require|include)(_once)?\(([^)]+)~
LINE: 18

FILE: system/library/template/tiwg.php
REGEX: ~(require|include)(_once)?\(([^)]+)~
LINE: 24
----------------------------------------------------------------
MOD: Guest Newsletter Subscription

FILE: admin/controller/marketing/contact.php
CODE: $this->load->model('sale/order');
LINE: 108
CODE: case 'newsletter':
LINE: 126
CODE: case 'customer_all':
LINE: 146
----------------------------------------------------------------
MOD: Local copy OCMOD by iSenseLabs

FILE: admin/controller/extension/installer.php
CODE: 'url'  => str_replace('&amp;', '&', $this->url->link('extension/installer/ftp', 'token=' . $this->session->data['token'],
LINE: 131
CODE: public function unzip() {
LINE: 292
----------------------------------------------------------------
MOD: OCFilter Modification

FILE: admin/controller/catalog/product.php
CODE: function getForm() {
LINE: 549
CODE: $this->language->get('tab_general');
LINE: 657

FILE: admin/controller/common/column_left.php
CODE: if ($this->user->hasPermission('access', 'catalog/filter')) {
LINE: 98

FILE: admin/language/en-gb/catalog/product.php
CODE: $_['text_success']
LINE: 12

FILE: admin/language/ru-ru/catalog/product.php
CODE: $_['text_success']
LINE: 12

FILE: admin/language/en-gb/common/column_left.php
CODE: $_['text_option']
LINE: 43

FILE: admin/language/ru-ru/common/column_left.php
CODE: $_['text_option']
LINE: 43

FILE: admin/model/catalog/product.php
CODE: if (isset($data['image'])) {
LINE: 22
LINE: 161
CODE: $data['product_attribute'] = $this->getProductAttributes($product_id);
LINE: 329
CODE: $this->db->query("DELETE FROM " . DB_PREFIX . "product WHERE product_id = '" . (int)$product_id . "'");
LINE: 354

FILE: admin/view/template/catalog/product_form.tpl
CODE: <?php echo $footer; ?>
LINE: 1435

FILE: catalog/controller/startup/maintenance.php
CODE: index() {
LINE: 7

FILE: catalog/controller/startup/seo_url.php
CODE: $this->url->addRewrite($this);
LINE: 12

FILE: catalog/model/catalog/product.php
CODE: $sql .= " LEFT JOIN " . DB_PREFIX . "product_description
LINE: 92
LINE: 464
CODE: if (!empty($data['filter_manufacturer_id
LINE: 173
LINE: 552

FILE: catalog/controller/product/category.php
CODE: $data['breadcrumbs'] = array();
LINE: 50
CODE: $product_total =
LINE: 193
LINE: 462
CODE: if (isset($this->request->get['filter'])) {
LINE: 252
CODE: if (isset($this->request->get['filter'])) {
LINE: 305
CODE: if (isset($this->request->get['filter'])) {
LINE: 340
CODE: $data['limit'] = $limit;
LINE: 478

FILE: system/library/document.php
CODE: public function getLinks
LINE: 51
CODE: private $keywords;
LINE: 9
CODE: public function setTitle($title) {
LINE: 25

FILE: catalog/controller/common/header.php
CODE: $data['scripts'] = $this->document->getScripts();
LINE: 38

FILE: catalog/view/theme/default/template/common/header.tpl
CODE: </title>
LINE: 18

FILE: catalog/view/theme/okshop/template/common/header.tpl
CODE: </title>
LINE: 12
----------------------------------------------------------------
2018-04-01 12:35:51 - MOD: Modification Default

FILE: system/engine/action.php
REGEX: ~(require|include)(_once)?\(([^)]+)~
LINE: 41

FILE: system/engine/loader.php
REGEX: ~(require|include)(_once)?\(([^)]+)~
LINE: 49
LINE: 108
LINE: 120
LINE: 165

FILE: system/library/config.php
REGEX: ~(require|include)(_once)?\(([^)]+)~
LINE: 23

FILE: system/library/language.php
REGEX: ~(require|include)(_once)?\(([^)]+)~
LINE: 38
LINE: 40
LINE: 49
LINE: 51
LINE: 60
LINE: 62

FILE: system/library/template/php.php
REGEX: ~(require|include)(_once)?\(([^)]+)~
LINE: 18

FILE: system/library/template/tiwg.php
REGEX: ~(require|include)(_once)?\(([^)]+)~
LINE: 24
----------------------------------------------------------------
MOD: Guest Newsletter Subscription

FILE: admin/controller/marketing/contact.php
CODE: $this->load->model('sale/order');
LINE: 108
CODE: case 'newsletter':
LINE: 126
CODE: case 'customer_all':
LINE: 146
----------------------------------------------------------------
MOD: Local copy OCMOD by iSenseLabs

FILE: admin/controller/extension/installer.php
CODE: 'url'  => str_replace('&amp;', '&', $this->url->link('extension/installer/ftp', 'token=' . $this->session->data['token'],
LINE: 131
CODE: public function unzip() {
LINE: 292
----------------------------------------------------------------
MOD: OCFilter Modification

FILE: admin/controller/catalog/product.php
CODE: function getForm() {
LINE: 549
CODE: $this->language->get('tab_general');
LINE: 657

FILE: admin/controller/common/column_left.php
CODE: if ($this->user->hasPermission('access', 'catalog/filter')) {
LINE: 98

FILE: admin/language/en-gb/catalog/product.php
CODE: $_['text_success']
LINE: 12

FILE: admin/language/ru-ru/catalog/product.php
CODE: $_['text_success']
LINE: 12

FILE: admin/language/en-gb/common/column_left.php
CODE: $_['text_option']
LINE: 43

FILE: admin/language/ru-ru/common/column_left.php
CODE: $_['text_option']
LINE: 43

FILE: admin/model/catalog/product.php
CODE: if (isset($data['image'])) {
LINE: 22
LINE: 161
CODE: $data['product_attribute'] = $this->getProductAttributes($product_id);
LINE: 329
CODE: $this->db->query("DELETE FROM " . DB_PREFIX . "product WHERE product_id = '" . (int)$product_id . "'");
LINE: 354

FILE: admin/view/template/catalog/product_form.tpl
CODE: <?php echo $footer; ?>
LINE: 1435

FILE: catalog/controller/startup/maintenance.php
CODE: index() {
LINE: 7

FILE: catalog/controller/startup/seo_url.php
CODE: $this->url->addRewrite($this);
LINE: 12

FILE: catalog/model/catalog/product.php
CODE: $sql .= " LEFT JOIN " . DB_PREFIX . "product_description
LINE: 92
LINE: 464
CODE: if (!empty($data['filter_manufacturer_id
LINE: 173
LINE: 552

FILE: catalog/controller/product/category.php
CODE: $data['breadcrumbs'] = array();
LINE: 50
CODE: $product_total =
LINE: 193
LINE: 462
CODE: if (isset($this->request->get['filter'])) {
LINE: 252
CODE: if (isset($this->request->get['filter'])) {
LINE: 305
CODE: if (isset($this->request->get['filter'])) {
LINE: 340
CODE: $data['limit'] = $limit;
LINE: 478

FILE: system/library/document.php
CODE: public function getLinks
LINE: 51
CODE: private $keywords;
LINE: 9
CODE: public function setTitle($title) {
LINE: 25

FILE: catalog/controller/common/header.php
CODE: $data['scripts'] = $this->document->getScripts();
LINE: 38

FILE: catalog/view/theme/default/template/common/header.tpl
CODE: </title>
LINE: 18

FILE: catalog/view/theme/okshop/template/common/header.tpl
CODE: </title>
LINE: 12
----------------------------------------------------------------
2018-04-01 12:37:54 - MOD: Modification Default

FILE: system/engine/action.php
REGEX: ~(require|include)(_once)?\(([^)]+)~
LINE: 41

FILE: system/engine/loader.php
REGEX: ~(require|include)(_once)?\(([^)]+)~
LINE: 49
LINE: 108
LINE: 120
LINE: 165

FILE: system/library/config.php
REGEX: ~(require|include)(_once)?\(([^)]+)~
LINE: 23

FILE: system/library/language.php
REGEX: ~(require|include)(_once)?\(([^)]+)~
LINE: 38
LINE: 40
LINE: 49
LINE: 51
LINE: 60
LINE: 62

FILE: system/library/template/php.php
REGEX: ~(require|include)(_once)?\(([^)]+)~
LINE: 18

FILE: system/library/template/tiwg.php
REGEX: ~(require|include)(_once)?\(([^)]+)~
LINE: 24
----------------------------------------------------------------
MOD: Guest Newsletter Subscription

FILE: admin/controller/marketing/contact.php
CODE: $this->load->model('sale/order');
LINE: 108
CODE: case 'newsletter':
LINE: 126
CODE: case 'customer_all':
LINE: 146
----------------------------------------------------------------
MOD: Local copy OCMOD by iSenseLabs

FILE: admin/controller/extension/installer.php
CODE: 'url'  => str_replace('&amp;', '&', $this->url->link('extension/installer/ftp', 'token=' . $this->session->data['token'],
LINE: 131
CODE: public function unzip() {
LINE: 292
----------------------------------------------------------------
MOD: OCFilter Modification

FILE: admin/controller/catalog/product.php
CODE: function getForm() {
LINE: 549
CODE: $this->language->get('tab_general');
LINE: 657

FILE: admin/controller/common/column_left.php
CODE: if ($this->user->hasPermission('access', 'catalog/filter')) {
LINE: 98

FILE: admin/language/en-gb/catalog/product.php
CODE: $_['text_success']
LINE: 12

FILE: admin/language/ru-ru/catalog/product.php
CODE: $_['text_success']
LINE: 12

FILE: admin/language/en-gb/common/column_left.php
CODE: $_['text_option']
LINE: 43

FILE: admin/language/ru-ru/common/column_left.php
CODE: $_['text_option']
LINE: 43

FILE: admin/model/catalog/product.php
CODE: if (isset($data['image'])) {
LINE: 22
LINE: 161
CODE: $data['product_attribute'] = $this->getProductAttributes($product_id);
LINE: 329
CODE: $this->db->query("DELETE FROM " . DB_PREFIX . "product WHERE product_id = '" . (int)$product_id . "'");
LINE: 354

FILE: admin/view/template/catalog/product_form.tpl
CODE: <?php echo $footer; ?>
LINE: 1435

FILE: catalog/controller/startup/maintenance.php
CODE: index() {
LINE: 7

FILE: catalog/controller/startup/seo_url.php
CODE: $this->url->addRewrite($this);
LINE: 12

FILE: catalog/model/catalog/product.php
CODE: $sql .= " LEFT JOIN " . DB_PREFIX . "product_description
LINE: 92
LINE: 464
CODE: if (!empty($data['filter_manufacturer_id
LINE: 173
LINE: 552

FILE: catalog/controller/product/category.php
CODE: $data['breadcrumbs'] = array();
LINE: 50
CODE: $product_total =
LINE: 193
LINE: 462
CODE: if (isset($this->request->get['filter'])) {
LINE: 252
CODE: if (isset($this->request->get['filter'])) {
LINE: 305
CODE: if (isset($this->request->get['filter'])) {
LINE: 340
CODE: $data['limit'] = $limit;
LINE: 478

FILE: system/library/document.php
CODE: public function getLinks
LINE: 51
CODE: private $keywords;
LINE: 9
CODE: public function setTitle($title) {
LINE: 25

FILE: catalog/controller/common/header.php
CODE: $data['scripts'] = $this->document->getScripts();
LINE: 38

FILE: catalog/view/theme/default/template/common/header.tpl
CODE: </title>
LINE: 18

FILE: catalog/view/theme/okshop/template/common/header.tpl
CODE: </title>
LINE: 12
----------------------------------------------------------------
2018-04-01 12:40:21 - MOD: Modification Default

FILE: system/engine/action.php
REGEX: ~(require|include)(_once)?\(([^)]+)~
LINE: 41

FILE: system/engine/loader.php
REGEX: ~(require|include)(_once)?\(([^)]+)~
LINE: 49
LINE: 108
LINE: 120
LINE: 165

FILE: system/library/config.php
REGEX: ~(require|include)(_once)?\(([^)]+)~
LINE: 23

FILE: system/library/language.php
REGEX: ~(require|include)(_once)?\(([^)]+)~
LINE: 38
LINE: 40
LINE: 49
LINE: 51
LINE: 60
LINE: 62

FILE: system/library/template/php.php
REGEX: ~(require|include)(_once)?\(([^)]+)~
LINE: 18

FILE: system/library/template/tiwg.php
REGEX: ~(require|include)(_once)?\(([^)]+)~
LINE: 24
----------------------------------------------------------------
MOD: Guest Newsletter Subscription

FILE: admin/controller/marketing/contact.php
CODE: $this->load->model('sale/order');
LINE: 108
CODE: case 'newsletter':
LINE: 126
CODE: case 'customer_all':
LINE: 146
----------------------------------------------------------------
MOD: Local copy OCMOD by iSenseLabs

FILE: admin/controller/extension/installer.php
CODE: 'url'  => str_replace('&amp;', '&', $this->url->link('extension/installer/ftp', 'token=' . $this->session->data['token'],
LINE: 131
CODE: public function unzip() {
LINE: 292
----------------------------------------------------------------
MOD: OCFilter Modification

FILE: admin/controller/catalog/product.php
CODE: function getForm() {
LINE: 549
CODE: $this->language->get('tab_general');
LINE: 657

FILE: admin/controller/common/column_left.php
CODE: if ($this->user->hasPermission('access', 'catalog/filter')) {
LINE: 98

FILE: admin/language/en-gb/catalog/product.php
CODE: $_['text_success']
LINE: 12

FILE: admin/language/ru-ru/catalog/product.php
CODE: $_['text_success']
LINE: 12

FILE: admin/language/en-gb/common/column_left.php
CODE: $_['text_option']
LINE: 43

FILE: admin/language/ru-ru/common/column_left.php
CODE: $_['text_option']
LINE: 43

FILE: admin/model/catalog/product.php
CODE: if (isset($data['image'])) {
LINE: 22
LINE: 161
CODE: $data['product_attribute'] = $this->getProductAttributes($product_id);
LINE: 329
CODE: $this->db->query("DELETE FROM " . DB_PREFIX . "product WHERE product_id = '" . (int)$product_id . "'");
LINE: 354

FILE: admin/view/template/catalog/product_form.tpl
CODE: <?php echo $footer; ?>
LINE: 1435

FILE: catalog/controller/startup/maintenance.php
CODE: index() {
LINE: 7

FILE: catalog/controller/startup/seo_url.php
CODE: $this->url->addRewrite($this);
LINE: 12

FILE: catalog/model/catalog/product.php
CODE: $sql .= " LEFT JOIN " . DB_PREFIX . "product_description
LINE: 92
LINE: 464
CODE: if (!empty($data['filter_manufacturer_id
LINE: 173
LINE: 552

FILE: catalog/controller/product/category.php
CODE: $data['breadcrumbs'] = array();
LINE: 50
CODE: $product_total =
LINE: 193
LINE: 462
CODE: if (isset($this->request->get['filter'])) {
LINE: 252
CODE: if (isset($this->request->get['filter'])) {
LINE: 305
CODE: if (isset($this->request->get['filter'])) {
LINE: 340
CODE: $data['limit'] = $limit;
LINE: 478

FILE: system/library/document.php
CODE: public function getLinks
LINE: 51
CODE: private $keywords;
LINE: 9
CODE: public function setTitle($title) {
LINE: 25

FILE: catalog/controller/common/header.php
CODE: $data['scripts'] = $this->document->getScripts();
LINE: 38

FILE: catalog/view/theme/default/template/common/header.tpl
CODE: </title>
LINE: 18

FILE: catalog/view/theme/okshop/template/common/header.tpl
CODE: </title>
LINE: 12
----------------------------------------------------------------
2018-04-01 12:41:56 - MOD: Modification Default

FILE: system/engine/action.php
REGEX: ~(require|include)(_once)?\(([^)]+)~
LINE: 41

FILE: system/engine/loader.php
REGEX: ~(require|include)(_once)?\(([^)]+)~
LINE: 49
LINE: 108
LINE: 120
LINE: 165

FILE: system/library/config.php
REGEX: ~(require|include)(_once)?\(([^)]+)~
LINE: 23

FILE: system/library/language.php
REGEX: ~(require|include)(_once)?\(([^)]+)~
LINE: 38
LINE: 40
LINE: 49
LINE: 51
LINE: 60
LINE: 62

FILE: system/library/template/php.php
REGEX: ~(require|include)(_once)?\(([^)]+)~
LINE: 18

FILE: system/library/template/tiwg.php
REGEX: ~(require|include)(_once)?\(([^)]+)~
LINE: 24
----------------------------------------------------------------
MOD: Guest Newsletter Subscription

FILE: admin/controller/marketing/contact.php
CODE: $this->load->model('sale/order');
LINE: 108
CODE: case 'newsletter':
LINE: 126
CODE: case 'customer_all':
LINE: 146
----------------------------------------------------------------
MOD: Local copy OCMOD by iSenseLabs

FILE: admin/controller/extension/installer.php
CODE: 'url'  => str_replace('&amp;', '&', $this->url->link('extension/installer/ftp', 'token=' . $this->session->data['token'],
LINE: 131
CODE: public function unzip() {
LINE: 292
----------------------------------------------------------------
MOD: OCFilter Modification

FILE: admin/controller/catalog/product.php
CODE: function getForm() {
LINE: 549
CODE: $this->language->get('tab_general');
LINE: 657

FILE: admin/controller/common/column_left.php
CODE: if ($this->user->hasPermission('access', 'catalog/filter')) {
LINE: 98

FILE: admin/language/en-gb/catalog/product.php
CODE: $_['text_success']
LINE: 12

FILE: admin/language/ru-ru/catalog/product.php
CODE: $_['text_success']
LINE: 12

FILE: admin/language/en-gb/common/column_left.php
CODE: $_['text_option']
LINE: 43

FILE: admin/language/ru-ru/common/column_left.php
CODE: $_['text_option']
LINE: 43

FILE: admin/model/catalog/product.php
CODE: if (isset($data['image'])) {
LINE: 22
LINE: 161
CODE: $data['product_attribute'] = $this->getProductAttributes($product_id);
LINE: 329
CODE: $this->db->query("DELETE FROM " . DB_PREFIX . "product WHERE product_id = '" . (int)$product_id . "'");
LINE: 354

FILE: admin/view/template/catalog/product_form.tpl
CODE: <?php echo $footer; ?>
LINE: 1435

FILE: catalog/controller/startup/maintenance.php
CODE: index() {
LINE: 7

FILE: catalog/controller/startup/seo_url.php
CODE: $this->url->addRewrite($this);
LINE: 12

FILE: catalog/model/catalog/product.php
CODE: $sql .= " LEFT JOIN " . DB_PREFIX . "product_description
LINE: 92
LINE: 464
CODE: if (!empty($data['filter_manufacturer_id
LINE: 173
LINE: 552

FILE: catalog/controller/product/category.php
CODE: $data['breadcrumbs'] = array();
LINE: 50
CODE: $product_total =
LINE: 193
LINE: 462
CODE: if (isset($this->request->get['filter'])) {
LINE: 252
CODE: if (isset($this->request->get['filter'])) {
LINE: 305
CODE: if (isset($this->request->get['filter'])) {
LINE: 340
CODE: $data['limit'] = $limit;
LINE: 478

FILE: system/library/document.php
CODE: public function getLinks
LINE: 51
CODE: private $keywords;
LINE: 9
CODE: public function setTitle($title) {
LINE: 25

FILE: catalog/controller/common/header.php
CODE: $data['scripts'] = $this->document->getScripts();
LINE: 38

FILE: catalog/view/theme/default/template/common/header.tpl
CODE: </title>
LINE: 18

FILE: catalog/view/theme/okshop/template/common/header.tpl
CODE: </title>
LINE: 12
----------------------------------------------------------------
2018-04-01 12:42:13 - MOD: Modification Default

FILE: system/engine/action.php
REGEX: ~(require|include)(_once)?\(([^)]+)~
LINE: 41

FILE: system/engine/loader.php
REGEX: ~(require|include)(_once)?\(([^)]+)~
LINE: 49
LINE: 108
LINE: 120
LINE: 165

FILE: system/library/config.php
REGEX: ~(require|include)(_once)?\(([^)]+)~
LINE: 23

FILE: system/library/language.php
REGEX: ~(require|include)(_once)?\(([^)]+)~
LINE: 38
LINE: 40
LINE: 49
LINE: 51
LINE: 60
LINE: 62

FILE: system/library/template/php.php
REGEX: ~(require|include)(_once)?\(([^)]+)~
LINE: 18

FILE: system/library/template/tiwg.php
REGEX: ~(require|include)(_once)?\(([^)]+)~
LINE: 24
----------------------------------------------------------------
MOD: Guest Newsletter Subscription

FILE: admin/controller/marketing/contact.php
CODE: $this->load->model('sale/order');
LINE: 108
CODE: case 'newsletter':
LINE: 126
CODE: case 'customer_all':
LINE: 146
----------------------------------------------------------------
MOD: Local copy OCMOD by iSenseLabs

FILE: admin/controller/extension/installer.php
CODE: 'url'  => str_replace('&amp;', '&', $this->url->link('extension/installer/ftp', 'token=' . $this->session->data['token'],
LINE: 131
CODE: public function unzip() {
LINE: 292
----------------------------------------------------------------
MOD: OCFilter Modification

FILE: admin/controller/catalog/product.php
CODE: function getForm() {
LINE: 549
CODE: $this->language->get('tab_general');
LINE: 657

FILE: admin/controller/common/column_left.php
CODE: if ($this->user->hasPermission('access', 'catalog/filter')) {
LINE: 98

FILE: admin/language/en-gb/catalog/product.php
CODE: $_['text_success']
LINE: 12

FILE: admin/language/ru-ru/catalog/product.php
CODE: $_['text_success']
LINE: 12

FILE: admin/language/en-gb/common/column_left.php
CODE: $_['text_option']
LINE: 43

FILE: admin/language/ru-ru/common/column_left.php
CODE: $_['text_option']
LINE: 43

FILE: admin/model/catalog/product.php
CODE: if (isset($data['image'])) {
LINE: 22
LINE: 161
CODE: $data['product_attribute'] = $this->getProductAttributes($product_id);
LINE: 329
CODE: $this->db->query("DELETE FROM " . DB_PREFIX . "product WHERE product_id = '" . (int)$product_id . "'");
LINE: 354

FILE: admin/view/template/catalog/product_form.tpl
CODE: <?php echo $footer; ?>
LINE: 1435

FILE: catalog/controller/startup/maintenance.php
CODE: index() {
LINE: 7

FILE: catalog/controller/startup/seo_url.php
CODE: $this->url->addRewrite($this);
LINE: 12

FILE: catalog/model/catalog/product.php
CODE: $sql .= " LEFT JOIN " . DB_PREFIX . "product_description
LINE: 92
LINE: 464
CODE: if (!empty($data['filter_manufacturer_id
LINE: 173
LINE: 552

FILE: catalog/controller/product/category.php
CODE: $data['breadcrumbs'] = array();
LINE: 50
CODE: $product_total =
LINE: 193
LINE: 462
CODE: if (isset($this->request->get['filter'])) {
LINE: 252
CODE: if (isset($this->request->get['filter'])) {
LINE: 305
CODE: if (isset($this->request->get['filter'])) {
LINE: 340
CODE: $data['limit'] = $limit;
LINE: 478

FILE: system/library/document.php
CODE: public function getLinks
LINE: 51
CODE: private $keywords;
LINE: 9
CODE: public function setTitle($title) {
LINE: 25

FILE: catalog/controller/common/header.php
CODE: $data['scripts'] = $this->document->getScripts();
LINE: 38

FILE: catalog/view/theme/default/template/common/header.tpl
CODE: </title>
LINE: 18

FILE: catalog/view/theme/okshop/template/common/header.tpl
CODE: </title>
LINE: 12
----------------------------------------------------------------
2018-04-01 12:44:14 - MOD: Modification Default

FILE: system/engine/action.php
REGEX: ~(require|include)(_once)?\(([^)]+)~
LINE: 41

FILE: system/engine/loader.php
REGEX: ~(require|include)(_once)?\(([^)]+)~
LINE: 49
LINE: 108
LINE: 120
LINE: 165

FILE: system/library/config.php
REGEX: ~(require|include)(_once)?\(([^)]+)~
LINE: 23

FILE: system/library/language.php
REGEX: ~(require|include)(_once)?\(([^)]+)~
LINE: 38
LINE: 40
LINE: 49
LINE: 51
LINE: 60
LINE: 62

FILE: system/library/template/php.php
REGEX: ~(require|include)(_once)?\(([^)]+)~
LINE: 18

FILE: system/library/template/tiwg.php
REGEX: ~(require|include)(_once)?\(([^)]+)~
LINE: 24
----------------------------------------------------------------
MOD: Guest Newsletter Subscription

FILE: admin/controller/marketing/contact.php
CODE: $this->load->model('sale/order');
LINE: 108
CODE: case 'newsletter':
LINE: 126
CODE: case 'customer_all':
LINE: 146
----------------------------------------------------------------
MOD: Local copy OCMOD by iSenseLabs

FILE: admin/controller/extension/installer.php
CODE: 'url'  => str_replace('&amp;', '&', $this->url->link('extension/installer/ftp', 'token=' . $this->session->data['token'],
LINE: 131
CODE: public function unzip() {
LINE: 292
----------------------------------------------------------------
MOD: OCFilter Modification

FILE: admin/controller/catalog/product.php
CODE: function getForm() {
LINE: 549
CODE: $this->language->get('tab_general');
LINE: 657

FILE: admin/controller/common/column_left.php
CODE: if ($this->user->hasPermission('access', 'catalog/filter')) {
LINE: 98

FILE: admin/language/en-gb/catalog/product.php
CODE: $_['text_success']
LINE: 12

FILE: admin/language/ru-ru/catalog/product.php
CODE: $_['text_success']
LINE: 12

FILE: admin/language/en-gb/common/column_left.php
CODE: $_['text_option']
LINE: 43

FILE: admin/language/ru-ru/common/column_left.php
CODE: $_['text_option']
LINE: 43

FILE: admin/model/catalog/product.php
CODE: if (isset($data['image'])) {
LINE: 22
LINE: 161
CODE: $data['product_attribute'] = $this->getProductAttributes($product_id);
LINE: 329
CODE: $this->db->query("DELETE FROM " . DB_PREFIX . "product WHERE product_id = '" . (int)$product_id . "'");
LINE: 354

FILE: admin/view/template/catalog/product_form.tpl
CODE: <?php echo $footer; ?>
LINE: 1435

FILE: catalog/controller/startup/maintenance.php
CODE: index() {
LINE: 7

FILE: catalog/controller/startup/seo_url.php
CODE: $this->url->addRewrite($this);
LINE: 12

FILE: catalog/model/catalog/product.php
CODE: $sql .= " LEFT JOIN " . DB_PREFIX . "product_description
LINE: 92
LINE: 464
CODE: if (!empty($data['filter_manufacturer_id
LINE: 173
LINE: 552

FILE: catalog/controller/product/category.php
CODE: $data['breadcrumbs'] = array();
LINE: 50
CODE: $product_total =
LINE: 193
LINE: 462
CODE: if (isset($this->request->get['filter'])) {
LINE: 252
CODE: if (isset($this->request->get['filter'])) {
LINE: 305
CODE: if (isset($this->request->get['filter'])) {
LINE: 340
CODE: $data['limit'] = $limit;
LINE: 478

FILE: system/library/document.php
CODE: public function getLinks
LINE: 51
CODE: private $keywords;
LINE: 9
CODE: public function setTitle($title) {
LINE: 25

FILE: catalog/controller/common/header.php
CODE: $data['scripts'] = $this->document->getScripts();
LINE: 38

FILE: catalog/view/theme/default/template/common/header.tpl
CODE: </title>
LINE: 18

FILE: catalog/view/theme/okshop/template/common/header.tpl
CODE: </title>
LINE: 12
----------------------------------------------------------------
2018-04-01 12:46:46 - MOD: Modification Default

FILE: system/engine/action.php
REGEX: ~(require|include)(_once)?\(([^)]+)~
LINE: 41

FILE: system/engine/loader.php
REGEX: ~(require|include)(_once)?\(([^)]+)~
LINE: 49
LINE: 108
LINE: 120
LINE: 165

FILE: system/library/config.php
REGEX: ~(require|include)(_once)?\(([^)]+)~
LINE: 23

FILE: system/library/language.php
REGEX: ~(require|include)(_once)?\(([^)]+)~
LINE: 38
LINE: 40
LINE: 49
LINE: 51
LINE: 60
LINE: 62

FILE: system/library/template/php.php
REGEX: ~(require|include)(_once)?\(([^)]+)~
LINE: 18

FILE: system/library/template/tiwg.php
REGEX: ~(require|include)(_once)?\(([^)]+)~
LINE: 24
----------------------------------------------------------------
MOD: Guest Newsletter Subscription

FILE: admin/controller/marketing/contact.php
CODE: $this->load->model('sale/order');
LINE: 108
CODE: case 'newsletter':
LINE: 126
CODE: case 'customer_all':
LINE: 146
----------------------------------------------------------------
MOD: Local copy OCMOD by iSenseLabs

FILE: admin/controller/extension/installer.php
CODE: 'url'  => str_replace('&amp;', '&', $this->url->link('extension/installer/ftp', 'token=' . $this->session->data['token'],
LINE: 131
CODE: public function unzip() {
LINE: 292
----------------------------------------------------------------
MOD: OCFilter Modification

FILE: admin/controller/catalog/product.php
CODE: function getForm() {
LINE: 549
CODE: $this->language->get('tab_general');
LINE: 657

FILE: admin/controller/common/column_left.php
CODE: if ($this->user->hasPermission('access', 'catalog/filter')) {
LINE: 98

FILE: admin/language/en-gb/catalog/product.php
CODE: $_['text_success']
LINE: 12

FILE: admin/language/ru-ru/catalog/product.php
CODE: $_['text_success']
LINE: 12

FILE: admin/language/en-gb/common/column_left.php
CODE: $_['text_option']
LINE: 43

FILE: admin/language/ru-ru/common/column_left.php
CODE: $_['text_option']
LINE: 43

FILE: admin/model/catalog/product.php
CODE: if (isset($data['image'])) {
LINE: 22
LINE: 161
CODE: $data['product_attribute'] = $this->getProductAttributes($product_id);
LINE: 329
CODE: $this->db->query("DELETE FROM " . DB_PREFIX . "product WHERE product_id = '" . (int)$product_id . "'");
LINE: 354

FILE: admin/view/template/catalog/product_form.tpl
CODE: <?php echo $footer; ?>
LINE: 1435

FILE: catalog/controller/startup/maintenance.php
CODE: index() {
LINE: 7

FILE: catalog/controller/startup/seo_url.php
CODE: $this->url->addRewrite($this);
LINE: 12

FILE: catalog/model/catalog/product.php
CODE: $sql .= " LEFT JOIN " . DB_PREFIX . "product_description
LINE: 92
LINE: 464
CODE: if (!empty($data['filter_manufacturer_id
LINE: 173
LINE: 552

FILE: catalog/controller/product/category.php
CODE: $data['breadcrumbs'] = array();
LINE: 50
CODE: $product_total =
LINE: 193
LINE: 462
CODE: if (isset($this->request->get['filter'])) {
LINE: 252
CODE: if (isset($this->request->get['filter'])) {
LINE: 305
CODE: if (isset($this->request->get['filter'])) {
LINE: 340
CODE: $data['limit'] = $limit;
LINE: 478

FILE: system/library/document.php
CODE: public function getLinks
LINE: 51
CODE: private $keywords;
LINE: 9
CODE: public function setTitle($title) {
LINE: 25

FILE: catalog/controller/common/header.php
CODE: $data['scripts'] = $this->document->getScripts();
LINE: 38

FILE: catalog/view/theme/default/template/common/header.tpl
CODE: </title>
LINE: 18

FILE: catalog/view/theme/okshop/template/common/header.tpl
CODE: </title>
LINE: 12
----------------------------------------------------------------
2018-04-01 12:51:33 - MOD: Modification Default

FILE: system/engine/action.php
REGEX: ~(require|include)(_once)?\(([^)]+)~
LINE: 41

FILE: system/engine/loader.php
REGEX: ~(require|include)(_once)?\(([^)]+)~
LINE: 49
LINE: 108
LINE: 120
LINE: 165

FILE: system/library/config.php
REGEX: ~(require|include)(_once)?\(([^)]+)~
LINE: 23

FILE: system/library/language.php
REGEX: ~(require|include)(_once)?\(([^)]+)~
LINE: 38
LINE: 40
LINE: 49
LINE: 51
LINE: 60
LINE: 62

FILE: system/library/template/php.php
REGEX: ~(require|include)(_once)?\(([^)]+)~
LINE: 18

FILE: system/library/template/tiwg.php
REGEX: ~(require|include)(_once)?\(([^)]+)~
LINE: 24
----------------------------------------------------------------
MOD: Guest Newsletter Subscription

FILE: admin/controller/marketing/contact.php
CODE: $this->load->model('sale/order');
LINE: 108
CODE: case 'newsletter':
LINE: 126
CODE: case 'customer_all':
LINE: 146
----------------------------------------------------------------
MOD: Local copy OCMOD by iSenseLabs

FILE: admin/controller/extension/installer.php
CODE: 'url'  => str_replace('&amp;', '&', $this->url->link('extension/installer/ftp', 'token=' . $this->session->data['token'],
LINE: 131
CODE: public function unzip() {
LINE: 292
----------------------------------------------------------------
MOD: OCFilter Modification

FILE: admin/controller/catalog/product.php
CODE: function getForm() {
LINE: 549
CODE: $this->language->get('tab_general');
LINE: 657

FILE: admin/controller/common/column_left.php
CODE: if ($this->user->hasPermission('access', 'catalog/filter')) {
LINE: 98

FILE: admin/language/en-gb/catalog/product.php
CODE: $_['text_success']
LINE: 12

FILE: admin/language/ru-ru/catalog/product.php
CODE: $_['text_success']
LINE: 12

FILE: admin/language/en-gb/common/column_left.php
CODE: $_['text_option']
LINE: 43

FILE: admin/language/ru-ru/common/column_left.php
CODE: $_['text_option']
LINE: 43

FILE: admin/model/catalog/product.php
CODE: if (isset($data['image'])) {
LINE: 22
LINE: 161
CODE: $data['product_attribute'] = $this->getProductAttributes($product_id);
LINE: 329
CODE: $this->db->query("DELETE FROM " . DB_PREFIX . "product WHERE product_id = '" . (int)$product_id . "'");
LINE: 354

FILE: admin/view/template/catalog/product_form.tpl
CODE: <?php echo $footer; ?>
LINE: 1435

FILE: catalog/controller/startup/maintenance.php
CODE: index() {
LINE: 7

FILE: catalog/controller/startup/seo_url.php
CODE: $this->url->addRewrite($this);
LINE: 12

FILE: catalog/model/catalog/product.php
CODE: $sql .= " LEFT JOIN " . DB_PREFIX . "product_description
LINE: 92
LINE: 464
CODE: if (!empty($data['filter_manufacturer_id
LINE: 173
LINE: 552

FILE: catalog/controller/product/category.php
CODE: $data['breadcrumbs'] = array();
LINE: 50
CODE: $product_total =
LINE: 193
LINE: 462
CODE: if (isset($this->request->get['filter'])) {
LINE: 252
CODE: if (isset($this->request->get['filter'])) {
LINE: 305
CODE: if (isset($this->request->get['filter'])) {
LINE: 340
CODE: $data['limit'] = $limit;
LINE: 478

FILE: system/library/document.php
CODE: public function getLinks
LINE: 51
CODE: private $keywords;
LINE: 9
CODE: public function setTitle($title) {
LINE: 25

FILE: catalog/controller/common/header.php
CODE: $data['scripts'] = $this->document->getScripts();
LINE: 38

FILE: catalog/view/theme/default/template/common/header.tpl
CODE: </title>
LINE: 18

FILE: catalog/view/theme/okshop/template/common/header.tpl
CODE: </title>
LINE: 12
----------------------------------------------------------------
2018-04-01 13:36:07 - MOD: Modification Default

FILE: system/engine/action.php
REGEX: ~(require|include)(_once)?\(([^)]+)~
LINE: 41

FILE: system/engine/loader.php
REGEX: ~(require|include)(_once)?\(([^)]+)~
LINE: 49
LINE: 108
LINE: 120
LINE: 165

FILE: system/library/config.php
REGEX: ~(require|include)(_once)?\(([^)]+)~
LINE: 23

FILE: system/library/language.php
REGEX: ~(require|include)(_once)?\(([^)]+)~
LINE: 38
LINE: 40
LINE: 49
LINE: 51
LINE: 60
LINE: 62

FILE: system/library/template/php.php
REGEX: ~(require|include)(_once)?\(([^)]+)~
LINE: 18

FILE: system/library/template/tiwg.php
REGEX: ~(require|include)(_once)?\(([^)]+)~
LINE: 24
----------------------------------------------------------------
MOD: Guest Newsletter Subscription

FILE: admin/controller/marketing/contact.php
CODE: $this->load->model('sale/order');
LINE: 108
CODE: case 'newsletter':
LINE: 126
CODE: case 'customer_all':
LINE: 146
----------------------------------------------------------------
MOD: Local copy OCMOD by iSenseLabs

FILE: admin/controller/extension/installer.php
CODE: 'url'  => str_replace('&amp;', '&', $this->url->link('extension/installer/ftp', 'token=' . $this->session->data['token'],
LINE: 131
CODE: public function unzip() {
LINE: 292
----------------------------------------------------------------
MOD: OCFilter Modification

FILE: admin/controller/catalog/product.php
CODE: function getForm() {
LINE: 549
CODE: $this->language->get('tab_general');
LINE: 657

FILE: admin/controller/common/column_left.php
CODE: if ($this->user->hasPermission('access', 'catalog/filter')) {
LINE: 98

FILE: admin/language/en-gb/catalog/product.php
CODE: $_['text_success']
LINE: 12

FILE: admin/language/ru-ru/catalog/product.php
CODE: $_['text_success']
LINE: 12

FILE: admin/language/en-gb/common/column_left.php
CODE: $_['text_option']
LINE: 43

FILE: admin/language/ru-ru/common/column_left.php
CODE: $_['text_option']
LINE: 43

FILE: admin/model/catalog/product.php
CODE: if (isset($data['image'])) {
LINE: 22
LINE: 161
CODE: $data['product_attribute'] = $this->getProductAttributes($product_id);
LINE: 329
CODE: $this->db->query("DELETE FROM " . DB_PREFIX . "product WHERE product_id = '" . (int)$product_id . "'");
LINE: 354

FILE: admin/view/template/catalog/product_form.tpl
CODE: <?php echo $footer; ?>
LINE: 1435

FILE: catalog/controller/startup/maintenance.php
CODE: index() {
LINE: 7

FILE: catalog/controller/startup/seo_url.php
CODE: $this->url->addRewrite($this);
LINE: 12

FILE: catalog/model/catalog/product.php
CODE: $sql .= " LEFT JOIN " . DB_PREFIX . "product_description
LINE: 92
LINE: 464
CODE: if (!empty($data['filter_manufacturer_id
LINE: 173
LINE: 552

FILE: catalog/controller/product/category.php
CODE: $data['breadcrumbs'] = array();
LINE: 50
CODE: $product_total =
LINE: 193
LINE: 462
CODE: if (isset($this->request->get['filter'])) {
LINE: 252
CODE: if (isset($this->request->get['filter'])) {
LINE: 305
CODE: if (isset($this->request->get['filter'])) {
LINE: 340
CODE: $data['limit'] = $limit;
LINE: 478

FILE: system/library/document.php
CODE: public function getLinks
LINE: 51
CODE: private $keywords;
LINE: 9
CODE: public function setTitle($title) {
LINE: 25

FILE: catalog/controller/common/header.php
CODE: $data['scripts'] = $this->document->getScripts();
LINE: 38

FILE: catalog/view/theme/default/template/common/header.tpl
CODE: </title>
LINE: 18

FILE: catalog/view/theme/okshop/template/common/header.tpl
CODE: </title>
LINE: 12
----------------------------------------------------------------
2018-04-01 13:36:11 - MOD: Modification Default

FILE: system/engine/action.php
REGEX: ~(require|include)(_once)?\(([^)]+)~
LINE: 41

FILE: system/engine/loader.php
REGEX: ~(require|include)(_once)?\(([^)]+)~
LINE: 49
LINE: 108
LINE: 120
LINE: 165

FILE: system/library/config.php
REGEX: ~(require|include)(_once)?\(([^)]+)~
LINE: 23

FILE: system/library/language.php
REGEX: ~(require|include)(_once)?\(([^)]+)~
LINE: 38
LINE: 40
LINE: 49
LINE: 51
LINE: 60
LINE: 62

FILE: system/library/template/php.php
REGEX: ~(require|include)(_once)?\(([^)]+)~
LINE: 18

FILE: system/library/template/tiwg.php
REGEX: ~(require|include)(_once)?\(([^)]+)~
LINE: 24
----------------------------------------------------------------
MOD: Guest Newsletter Subscription

FILE: admin/controller/marketing/contact.php
CODE: $this->load->model('sale/order');
LINE: 108
CODE: case 'newsletter':
LINE: 126
CODE: case 'customer_all':
LINE: 146
----------------------------------------------------------------
MOD: Local copy OCMOD by iSenseLabs

FILE: admin/controller/extension/installer.php
CODE: 'url'  => str_replace('&amp;', '&', $this->url->link('extension/installer/ftp', 'token=' . $this->session->data['token'],
LINE: 131
CODE: public function unzip() {
LINE: 292
----------------------------------------------------------------
MOD: OCFilter Modification

FILE: admin/controller/catalog/product.php
CODE: function getForm() {
LINE: 549
CODE: $this->language->get('tab_general');
LINE: 657

FILE: admin/controller/common/column_left.php
CODE: if ($this->user->hasPermission('access', 'catalog/filter')) {
LINE: 98

FILE: admin/language/en-gb/catalog/product.php
CODE: $_['text_success']
LINE: 12

FILE: admin/language/ru-ru/catalog/product.php
CODE: $_['text_success']
LINE: 12

FILE: admin/language/en-gb/common/column_left.php
CODE: $_['text_option']
LINE: 43

FILE: admin/language/ru-ru/common/column_left.php
CODE: $_['text_option']
LINE: 43

FILE: admin/model/catalog/product.php
CODE: if (isset($data['image'])) {
LINE: 22
LINE: 161
CODE: $data['product_attribute'] = $this->getProductAttributes($product_id);
LINE: 329
CODE: $this->db->query("DELETE FROM " . DB_PREFIX . "product WHERE product_id = '" . (int)$product_id . "'");
LINE: 354

FILE: admin/view/template/catalog/product_form.tpl
CODE: <?php echo $footer; ?>
LINE: 1435

FILE: catalog/controller/startup/maintenance.php
CODE: index() {
LINE: 7

FILE: catalog/controller/startup/seo_url.php
CODE: $this->url->addRewrite($this);
LINE: 12

FILE: catalog/model/catalog/product.php
CODE: $sql .= " LEFT JOIN " . DB_PREFIX . "product_description
LINE: 92
LINE: 464
CODE: if (!empty($data['filter_manufacturer_id
LINE: 173
LINE: 552

FILE: catalog/controller/product/category.php
CODE: $data['breadcrumbs'] = array();
LINE: 50
CODE: $product_total =
LINE: 193
LINE: 462
CODE: if (isset($this->request->get['filter'])) {
LINE: 252
CODE: if (isset($this->request->get['filter'])) {
LINE: 305
CODE: if (isset($this->request->get['filter'])) {
LINE: 340
CODE: $data['limit'] = $limit;
LINE: 478

FILE: system/library/document.php
CODE: public function getLinks
LINE: 51
CODE: private $keywords;
LINE: 9
CODE: public function setTitle($title) {
LINE: 25

FILE: catalog/controller/common/header.php
CODE: $data['scripts'] = $this->document->getScripts();
LINE: 38

FILE: catalog/view/theme/default/template/common/header.tpl
CODE: </title>
LINE: 18

FILE: catalog/view/theme/okshop/template/common/header.tpl
CODE: </title>
LINE: 12
----------------------------------------------------------------
2018-04-01 13:36:15 - MOD: Modification Default

FILE: system/engine/action.php
REGEX: ~(require|include)(_once)?\(([^)]+)~
LINE: 41

FILE: system/engine/loader.php
REGEX: ~(require|include)(_once)?\(([^)]+)~
LINE: 49
LINE: 108
LINE: 120
LINE: 165

FILE: system/library/config.php
REGEX: ~(require|include)(_once)?\(([^)]+)~
LINE: 23

FILE: system/library/language.php
REGEX: ~(require|include)(_once)?\(([^)]+)~
LINE: 38
LINE: 40
LINE: 49
LINE: 51
LINE: 60
LINE: 62

FILE: system/library/template/php.php
REGEX: ~(require|include)(_once)?\(([^)]+)~
LINE: 18

FILE: system/library/template/tiwg.php
REGEX: ~(require|include)(_once)?\(([^)]+)~
LINE: 24
----------------------------------------------------------------
MOD: Guest Newsletter Subscription

FILE: admin/controller/marketing/contact.php
CODE: $this->load->model('sale/order');
LINE: 108
CODE: case 'newsletter':
LINE: 126
CODE: case 'customer_all':
LINE: 146
----------------------------------------------------------------
MOD: Local copy OCMOD by iSenseLabs

FILE: admin/controller/extension/installer.php
CODE: 'url'  => str_replace('&amp;', '&', $this->url->link('extension/installer/ftp', 'token=' . $this->session->data['token'],
LINE: 131
CODE: public function unzip() {
LINE: 292
----------------------------------------------------------------
MOD: OCFilter Modification

FILE: admin/controller/catalog/product.php
CODE: function getForm() {
LINE: 549
CODE: $this->language->get('tab_general');
LINE: 657

FILE: admin/controller/common/column_left.php
CODE: if ($this->user->hasPermission('access', 'catalog/filter')) {
LINE: 98

FILE: admin/language/en-gb/catalog/product.php
CODE: $_['text_success']
LINE: 12

FILE: admin/language/ru-ru/catalog/product.php
CODE: $_['text_success']
LINE: 12

FILE: admin/language/en-gb/common/column_left.php
CODE: $_['text_option']
LINE: 43

FILE: admin/language/ru-ru/common/column_left.php
CODE: $_['text_option']
LINE: 43

FILE: admin/model/catalog/product.php
CODE: if (isset($data['image'])) {
LINE: 22
LINE: 161
CODE: $data['product_attribute'] = $this->getProductAttributes($product_id);
LINE: 329
CODE: $this->db->query("DELETE FROM " . DB_PREFIX . "product WHERE product_id = '" . (int)$product_id . "'");
LINE: 354

FILE: admin/view/template/catalog/product_form.tpl
CODE: <?php echo $footer; ?>
LINE: 1435

FILE: catalog/controller/startup/maintenance.php
CODE: index() {
LINE: 7

FILE: catalog/controller/startup/seo_url.php
CODE: $this->url->addRewrite($this);
LINE: 12

FILE: catalog/model/catalog/product.php
CODE: $sql .= " LEFT JOIN " . DB_PREFIX . "product_description
LINE: 92
LINE: 464
CODE: if (!empty($data['filter_manufacturer_id
LINE: 173
LINE: 552

FILE: catalog/controller/product/category.php
CODE: $data['breadcrumbs'] = array();
LINE: 50
CODE: $product_total =
LINE: 193
LINE: 462
CODE: if (isset($this->request->get['filter'])) {
LINE: 252
CODE: if (isset($this->request->get['filter'])) {
LINE: 305
CODE: if (isset($this->request->get['filter'])) {
LINE: 340
CODE: $data['limit'] = $limit;
LINE: 478

FILE: system/library/document.php
CODE: public function getLinks
LINE: 51
CODE: private $keywords;
LINE: 9
CODE: public function setTitle($title) {
LINE: 25

FILE: catalog/controller/common/header.php
CODE: $data['scripts'] = $this->document->getScripts();
LINE: 38

FILE: catalog/view/theme/default/template/common/header.tpl
CODE: </title>
LINE: 18

FILE: catalog/view/theme/okshop/template/common/header.tpl
CODE: </title>
LINE: 12
----------------------------------------------------------------
2018-04-01 13:36:18 - MOD: Modification Default

FILE: system/engine/action.php
REGEX: ~(require|include)(_once)?\(([^)]+)~
LINE: 41

FILE: system/engine/loader.php
REGEX: ~(require|include)(_once)?\(([^)]+)~
LINE: 49
LINE: 108
LINE: 120
LINE: 165

FILE: system/library/config.php
REGEX: ~(require|include)(_once)?\(([^)]+)~
LINE: 23

FILE: system/library/language.php
REGEX: ~(require|include)(_once)?\(([^)]+)~
LINE: 38
LINE: 40
LINE: 49
LINE: 51
LINE: 60
LINE: 62

FILE: system/library/template/php.php
REGEX: ~(require|include)(_once)?\(([^)]+)~
LINE: 18

FILE: system/library/template/tiwg.php
REGEX: ~(require|include)(_once)?\(([^)]+)~
LINE: 24
----------------------------------------------------------------
MOD: Guest Newsletter Subscription

FILE: admin/controller/marketing/contact.php
CODE: $this->load->model('sale/order');
LINE: 108
CODE: case 'newsletter':
LINE: 126
CODE: case 'customer_all':
LINE: 146
----------------------------------------------------------------
MOD: Local copy OCMOD by iSenseLabs

FILE: admin/controller/extension/installer.php
CODE: 'url'  => str_replace('&amp;', '&', $this->url->link('extension/installer/ftp', 'token=' . $this->session->data['token'],
LINE: 131
CODE: public function unzip() {
LINE: 292
----------------------------------------------------------------
MOD: OCFilter Modification

FILE: admin/controller/catalog/product.php
CODE: function getForm() {
LINE: 549
CODE: $this->language->get('tab_general');
LINE: 657

FILE: admin/controller/common/column_left.php
CODE: if ($this->user->hasPermission('access', 'catalog/filter')) {
LINE: 98

FILE: admin/language/en-gb/catalog/product.php
CODE: $_['text_success']
LINE: 12

FILE: admin/language/ru-ru/catalog/product.php
CODE: $_['text_success']
LINE: 12

FILE: admin/language/en-gb/common/column_left.php
CODE: $_['text_option']
LINE: 43

FILE: admin/language/ru-ru/common/column_left.php
CODE: $_['text_option']
LINE: 43

FILE: admin/model/catalog/product.php
CODE: if (isset($data['image'])) {
LINE: 22
LINE: 161
CODE: $data['product_attribute'] = $this->getProductAttributes($product_id);
LINE: 329
CODE: $this->db->query("DELETE FROM " . DB_PREFIX . "product WHERE product_id = '" . (int)$product_id . "'");
LINE: 354

FILE: admin/view/template/catalog/product_form.tpl
CODE: <?php echo $footer; ?>
LINE: 1435

FILE: catalog/controller/startup/maintenance.php
CODE: index() {
LINE: 7

FILE: catalog/controller/startup/seo_url.php
CODE: $this->url->addRewrite($this);
LINE: 12

FILE: catalog/model/catalog/product.php
CODE: $sql .= " LEFT JOIN " . DB_PREFIX . "product_description
LINE: 92
LINE: 464
CODE: if (!empty($data['filter_manufacturer_id
LINE: 173
LINE: 552

FILE: catalog/controller/product/category.php
CODE: $data['breadcrumbs'] = array();
LINE: 50
CODE: $product_total =
LINE: 193
LINE: 462
CODE: if (isset($this->request->get['filter'])) {
LINE: 252
CODE: if (isset($this->request->get['filter'])) {
LINE: 305
CODE: if (isset($this->request->get['filter'])) {
LINE: 340
CODE: $data['limit'] = $limit;
LINE: 478

FILE: system/library/document.php
CODE: public function getLinks
LINE: 51
CODE: private $keywords;
LINE: 9
CODE: public function setTitle($title) {
LINE: 25

FILE: catalog/controller/common/header.php
CODE: $data['scripts'] = $this->document->getScripts();
LINE: 38

FILE: catalog/view/theme/default/template/common/header.tpl
CODE: </title>
LINE: 18

FILE: catalog/view/theme/okshop/template/common/header.tpl
CODE: </title>
LINE: 12
----------------------------------------------------------------
2018-04-01 13:36:20 - MOD: Modification Default

FILE: system/engine/action.php
REGEX: ~(require|include)(_once)?\(([^)]+)~
LINE: 41

FILE: system/engine/loader.php
REGEX: ~(require|include)(_once)?\(([^)]+)~
LINE: 49
LINE: 108
LINE: 120
LINE: 165

FILE: system/library/config.php
REGEX: ~(require|include)(_once)?\(([^)]+)~
LINE: 23

FILE: system/library/language.php
REGEX: ~(require|include)(_once)?\(([^)]+)~
LINE: 38
LINE: 40
LINE: 49
LINE: 51
LINE: 60
LINE: 62

FILE: system/library/template/php.php
REGEX: ~(require|include)(_once)?\(([^)]+)~
LINE: 18

FILE: system/library/template/tiwg.php
REGEX: ~(require|include)(_once)?\(([^)]+)~
LINE: 24
----------------------------------------------------------------
MOD: Guest Newsletter Subscription

FILE: admin/controller/marketing/contact.php
CODE: $this->load->model('sale/order');
LINE: 108
CODE: case 'newsletter':
LINE: 126
CODE: case 'customer_all':
LINE: 146
----------------------------------------------------------------
MOD: Local copy OCMOD by iSenseLabs

FILE: admin/controller/extension/installer.php
CODE: 'url'  => str_replace('&amp;', '&', $this->url->link('extension/installer/ftp', 'token=' . $this->session->data['token'],
LINE: 131
CODE: public function unzip() {
LINE: 292
----------------------------------------------------------------
MOD: OCFilter Modification

FILE: admin/controller/catalog/product.php
CODE: function getForm() {
LINE: 549
CODE: $this->language->get('tab_general');
LINE: 657

FILE: admin/controller/common/column_left.php
CODE: if ($this->user->hasPermission('access', 'catalog/filter')) {
LINE: 98

FILE: admin/language/en-gb/catalog/product.php
CODE: $_['text_success']
LINE: 12

FILE: admin/language/ru-ru/catalog/product.php
CODE: $_['text_success']
LINE: 12

FILE: admin/language/en-gb/common/column_left.php
CODE: $_['text_option']
LINE: 43

FILE: admin/language/ru-ru/common/column_left.php
CODE: $_['text_option']
LINE: 43

FILE: admin/model/catalog/product.php
CODE: if (isset($data['image'])) {
LINE: 22
LINE: 161
CODE: $data['product_attribute'] = $this->getProductAttributes($product_id);
LINE: 329
CODE: $this->db->query("DELETE FROM " . DB_PREFIX . "product WHERE product_id = '" . (int)$product_id . "'");
LINE: 354

FILE: admin/view/template/catalog/product_form.tpl
CODE: <?php echo $footer; ?>
LINE: 1435

FILE: catalog/controller/startup/maintenance.php
CODE: index() {
LINE: 7

FILE: catalog/controller/startup/seo_url.php
CODE: $this->url->addRewrite($this);
LINE: 12

FILE: catalog/model/catalog/product.php
CODE: $sql .= " LEFT JOIN " . DB_PREFIX . "product_description
LINE: 92
LINE: 464
CODE: if (!empty($data['filter_manufacturer_id
LINE: 173
LINE: 552

FILE: catalog/controller/product/category.php
CODE: $data['breadcrumbs'] = array();
LINE: 50
CODE: $product_total =
LINE: 193
LINE: 462
CODE: if (isset($this->request->get['filter'])) {
LINE: 252
CODE: if (isset($this->request->get['filter'])) {
LINE: 305
CODE: if (isset($this->request->get['filter'])) {
LINE: 340
CODE: $data['limit'] = $limit;
LINE: 478

FILE: system/library/document.php
CODE: public function getLinks
LINE: 51
CODE: private $keywords;
LINE: 9
CODE: public function setTitle($title) {
LINE: 25

FILE: catalog/controller/common/header.php
CODE: $data['scripts'] = $this->document->getScripts();
LINE: 38

FILE: catalog/view/theme/default/template/common/header.tpl
CODE: </title>
LINE: 18

FILE: catalog/view/theme/okshop/template/common/header.tpl
CODE: </title>
LINE: 12
----------------------------------------------------------------
2018-04-01 13:36:22 - MOD: Modification Default

FILE: system/engine/action.php
REGEX: ~(require|include)(_once)?\(([^)]+)~
LINE: 41

FILE: system/engine/loader.php
REGEX: ~(require|include)(_once)?\(([^)]+)~
LINE: 49
LINE: 108
LINE: 120
LINE: 165

FILE: system/library/config.php
REGEX: ~(require|include)(_once)?\(([^)]+)~
LINE: 23

FILE: system/library/language.php
REGEX: ~(require|include)(_once)?\(([^)]+)~
LINE: 38
LINE: 40
LINE: 49
LINE: 51
LINE: 60
LINE: 62

FILE: system/library/template/php.php
REGEX: ~(require|include)(_once)?\(([^)]+)~
LINE: 18

FILE: system/library/template/tiwg.php
REGEX: ~(require|include)(_once)?\(([^)]+)~
LINE: 24
----------------------------------------------------------------
MOD: Guest Newsletter Subscription

FILE: admin/controller/marketing/contact.php
CODE: $this->load->model('sale/order');
LINE: 108
CODE: case 'newsletter':
LINE: 126
CODE: case 'customer_all':
LINE: 146
----------------------------------------------------------------
MOD: Local copy OCMOD by iSenseLabs

FILE: admin/controller/extension/installer.php
CODE: 'url'  => str_replace('&amp;', '&', $this->url->link('extension/installer/ftp', 'token=' . $this->session->data['token'],
LINE: 131
CODE: public function unzip() {
LINE: 292
----------------------------------------------------------------
MOD: OCFilter Modification

FILE: admin/controller/catalog/product.php
CODE: function getForm() {
LINE: 549
CODE: $this->language->get('tab_general');
LINE: 657

FILE: admin/controller/common/column_left.php
CODE: if ($this->user->hasPermission('access', 'catalog/filter')) {
LINE: 98

FILE: admin/language/en-gb/catalog/product.php
CODE: $_['text_success']
LINE: 12

FILE: admin/language/ru-ru/catalog/product.php
CODE: $_['text_success']
LINE: 12

FILE: admin/language/en-gb/common/column_left.php
CODE: $_['text_option']
LINE: 43

FILE: admin/language/ru-ru/common/column_left.php
CODE: $_['text_option']
LINE: 43

FILE: admin/model/catalog/product.php
CODE: if (isset($data['image'])) {
LINE: 22
LINE: 161
CODE: $data['product_attribute'] = $this->getProductAttributes($product_id);
LINE: 329
CODE: $this->db->query("DELETE FROM " . DB_PREFIX . "product WHERE product_id = '" . (int)$product_id . "'");
LINE: 354

FILE: admin/view/template/catalog/product_form.tpl
CODE: <?php echo $footer; ?>
LINE: 1435

FILE: catalog/controller/startup/maintenance.php
CODE: index() {
LINE: 7

FILE: catalog/controller/startup/seo_url.php
CODE: $this->url->addRewrite($this);
LINE: 12

FILE: catalog/model/catalog/product.php
CODE: $sql .= " LEFT JOIN " . DB_PREFIX . "product_description
LINE: 92
LINE: 464
CODE: if (!empty($data['filter_manufacturer_id
LINE: 173
LINE: 552

FILE: catalog/controller/product/category.php
CODE: $data['breadcrumbs'] = array();
LINE: 50
CODE: $product_total =
LINE: 193
LINE: 462
CODE: if (isset($this->request->get['filter'])) {
LINE: 252
CODE: if (isset($this->request->get['filter'])) {
LINE: 305
CODE: if (isset($this->request->get['filter'])) {
LINE: 340
CODE: $data['limit'] = $limit;
LINE: 478

FILE: system/library/document.php
CODE: public function getLinks
LINE: 51
CODE: private $keywords;
LINE: 9
CODE: public function setTitle($title) {
LINE: 25

FILE: catalog/controller/common/header.php
CODE: $data['scripts'] = $this->document->getScripts();
LINE: 38

FILE: catalog/view/theme/default/template/common/header.tpl
CODE: </title>
LINE: 18

FILE: catalog/view/theme/okshop/template/common/header.tpl
CODE: </title>
LINE: 12
----------------------------------------------------------------
2018-04-01 13:36:24 - MOD: Modification Default

FILE: system/engine/action.php
REGEX: ~(require|include)(_once)?\(([^)]+)~
LINE: 41

FILE: system/engine/loader.php
REGEX: ~(require|include)(_once)?\(([^)]+)~
LINE: 49
LINE: 108
LINE: 120
LINE: 165

FILE: system/library/config.php
REGEX: ~(require|include)(_once)?\(([^)]+)~
LINE: 23

FILE: system/library/language.php
REGEX: ~(require|include)(_once)?\(([^)]+)~
LINE: 38
LINE: 40
LINE: 49
LINE: 51
LINE: 60
LINE: 62

FILE: system/library/template/php.php
REGEX: ~(require|include)(_once)?\(([^)]+)~
LINE: 18

FILE: system/library/template/tiwg.php
REGEX: ~(require|include)(_once)?\(([^)]+)~
LINE: 24
----------------------------------------------------------------
MOD: Guest Newsletter Subscription

FILE: admin/controller/marketing/contact.php
CODE: $this->load->model('sale/order');
LINE: 108
CODE: case 'newsletter':
LINE: 126
CODE: case 'customer_all':
LINE: 146
----------------------------------------------------------------
MOD: Local copy OCMOD by iSenseLabs

FILE: admin/controller/extension/installer.php
CODE: 'url'  => str_replace('&amp;', '&', $this->url->link('extension/installer/ftp', 'token=' . $this->session->data['token'],
LINE: 131
CODE: public function unzip() {
LINE: 292
----------------------------------------------------------------
MOD: OCFilter Modification

FILE: admin/controller/catalog/product.php
CODE: function getForm() {
LINE: 549
CODE: $this->language->get('tab_general');
LINE: 657

FILE: admin/controller/common/column_left.php
CODE: if ($this->user->hasPermission('access', 'catalog/filter')) {
LINE: 98

FILE: admin/language/en-gb/catalog/product.php
CODE: $_['text_success']
LINE: 12

FILE: admin/language/ru-ru/catalog/product.php
CODE: $_['text_success']
LINE: 12

FILE: admin/language/en-gb/common/column_left.php
CODE: $_['text_option']
LINE: 43

FILE: admin/language/ru-ru/common/column_left.php
CODE: $_['text_option']
LINE: 43

FILE: admin/model/catalog/product.php
CODE: if (isset($data['image'])) {
LINE: 22
LINE: 161
CODE: $data['product_attribute'] = $this->getProductAttributes($product_id);
LINE: 329
CODE: $this->db->query("DELETE FROM " . DB_PREFIX . "product WHERE product_id = '" . (int)$product_id . "'");
LINE: 354

FILE: admin/view/template/catalog/product_form.tpl
CODE: <?php echo $footer; ?>
LINE: 1435

FILE: catalog/controller/startup/maintenance.php
CODE: index() {
LINE: 7

FILE: catalog/controller/startup/seo_url.php
CODE: $this->url->addRewrite($this);
LINE: 12

FILE: catalog/model/catalog/product.php
CODE: $sql .= " LEFT JOIN " . DB_PREFIX . "product_description
LINE: 92
LINE: 464
CODE: if (!empty($data['filter_manufacturer_id
LINE: 173
LINE: 552

FILE: catalog/controller/product/category.php
CODE: $data['breadcrumbs'] = array();
LINE: 50
CODE: $product_total =
LINE: 193
LINE: 462
CODE: if (isset($this->request->get['filter'])) {
LINE: 252
CODE: if (isset($this->request->get['filter'])) {
LINE: 305
CODE: if (isset($this->request->get['filter'])) {
LINE: 340
CODE: $data['limit'] = $limit;
LINE: 478

FILE: system/library/document.php
CODE: public function getLinks
LINE: 51
CODE: private $keywords;
LINE: 9
CODE: public function setTitle($title) {
LINE: 25

FILE: catalog/controller/common/header.php
CODE: $data['scripts'] = $this->document->getScripts();
LINE: 38

FILE: catalog/view/theme/default/template/common/header.tpl
CODE: </title>
LINE: 18

FILE: catalog/view/theme/okshop/template/common/header.tpl
CODE: </title>
LINE: 12
----------------------------------------------------------------
2018-04-01 13:36:26 - MOD: Modification Default

FILE: system/engine/action.php
REGEX: ~(require|include)(_once)?\(([^)]+)~
LINE: 41

FILE: system/engine/loader.php
REGEX: ~(require|include)(_once)?\(([^)]+)~
LINE: 49
LINE: 108
LINE: 120
LINE: 165

FILE: system/library/config.php
REGEX: ~(require|include)(_once)?\(([^)]+)~
LINE: 23

FILE: system/library/language.php
REGEX: ~(require|include)(_once)?\(([^)]+)~
LINE: 38
LINE: 40
LINE: 49
LINE: 51
LINE: 60
LINE: 62

FILE: system/library/template/php.php
REGEX: ~(require|include)(_once)?\(([^)]+)~
LINE: 18

FILE: system/library/template/tiwg.php
REGEX: ~(require|include)(_once)?\(([^)]+)~
LINE: 24
----------------------------------------------------------------
MOD: Guest Newsletter Subscription

FILE: admin/controller/marketing/contact.php
CODE: $this->load->model('sale/order');
LINE: 108
CODE: case 'newsletter':
LINE: 126
CODE: case 'customer_all':
LINE: 146
----------------------------------------------------------------
MOD: Local copy OCMOD by iSenseLabs

FILE: admin/controller/extension/installer.php
CODE: 'url'  => str_replace('&amp;', '&', $this->url->link('extension/installer/ftp', 'token=' . $this->session->data['token'],
LINE: 131
CODE: public function unzip() {
LINE: 292
----------------------------------------------------------------
MOD: OCFilter Modification

FILE: admin/controller/catalog/product.php
CODE: function getForm() {
LINE: 549
CODE: $this->language->get('tab_general');
LINE: 657

FILE: admin/controller/common/column_left.php
CODE: if ($this->user->hasPermission('access', 'catalog/filter')) {
LINE: 98

FILE: admin/language/en-gb/catalog/product.php
CODE: $_['text_success']
LINE: 12

FILE: admin/language/ru-ru/catalog/product.php
CODE: $_['text_success']
LINE: 12

FILE: admin/language/en-gb/common/column_left.php
CODE: $_['text_option']
LINE: 43

FILE: admin/language/ru-ru/common/column_left.php
CODE: $_['text_option']
LINE: 43

FILE: admin/model/catalog/product.php
CODE: if (isset($data['image'])) {
LINE: 22
LINE: 161
CODE: $data['product_attribute'] = $this->getProductAttributes($product_id);
LINE: 329
CODE: $this->db->query("DELETE FROM " . DB_PREFIX . "product WHERE product_id = '" . (int)$product_id . "'");
LINE: 354

FILE: admin/view/template/catalog/product_form.tpl
CODE: <?php echo $footer; ?>
LINE: 1435

FILE: catalog/controller/startup/maintenance.php
CODE: index() {
LINE: 7

FILE: catalog/controller/startup/seo_url.php
CODE: $this->url->addRewrite($this);
LINE: 12

FILE: catalog/model/catalog/product.php
CODE: $sql .= " LEFT JOIN " . DB_PREFIX . "product_description
LINE: 92
LINE: 464
CODE: if (!empty($data['filter_manufacturer_id
LINE: 173
LINE: 552

FILE: catalog/controller/product/category.php
CODE: $data['breadcrumbs'] = array();
LINE: 50
CODE: $product_total =
LINE: 193
LINE: 462
CODE: if (isset($this->request->get['filter'])) {
LINE: 252
CODE: if (isset($this->request->get['filter'])) {
LINE: 305
CODE: if (isset($this->request->get['filter'])) {
LINE: 340
CODE: $data['limit'] = $limit;
LINE: 478

FILE: system/library/document.php
CODE: public function getLinks
LINE: 51
CODE: private $keywords;
LINE: 9
CODE: public function setTitle($title) {
LINE: 25

FILE: catalog/controller/common/header.php
CODE: $data['scripts'] = $this->document->getScripts();
LINE: 38

FILE: catalog/view/theme/default/template/common/header.tpl
CODE: </title>
LINE: 18

FILE: catalog/view/theme/okshop/template/common/header.tpl
CODE: </title>
LINE: 12
----------------------------------------------------------------
2018-04-01 13:36:28 - MOD: Modification Default

FILE: system/engine/action.php
REGEX: ~(require|include)(_once)?\(([^)]+)~
LINE: 41

FILE: system/engine/loader.php
REGEX: ~(require|include)(_once)?\(([^)]+)~
LINE: 49
LINE: 108
LINE: 120
LINE: 165

FILE: system/library/config.php
REGEX: ~(require|include)(_once)?\(([^)]+)~
LINE: 23

FILE: system/library/language.php
REGEX: ~(require|include)(_once)?\(([^)]+)~
LINE: 38
LINE: 40
LINE: 49
LINE: 51
LINE: 60
LINE: 62

FILE: system/library/template/php.php
REGEX: ~(require|include)(_once)?\(([^)]+)~
LINE: 18

FILE: system/library/template/tiwg.php
REGEX: ~(require|include)(_once)?\(([^)]+)~
LINE: 24
----------------------------------------------------------------
MOD: Guest Newsletter Subscription

FILE: admin/controller/marketing/contact.php
CODE: $this->load->model('sale/order');
LINE: 108
CODE: case 'newsletter':
LINE: 126
CODE: case 'customer_all':
LINE: 146
----------------------------------------------------------------
MOD: Local copy OCMOD by iSenseLabs

FILE: admin/controller/extension/installer.php
CODE: 'url'  => str_replace('&amp;', '&', $this->url->link('extension/installer/ftp', 'token=' . $this->session->data['token'],
LINE: 131
CODE: public function unzip() {
LINE: 292
----------------------------------------------------------------
MOD: OCFilter Modification

FILE: admin/controller/catalog/product.php
CODE: function getForm() {
LINE: 549
CODE: $this->language->get('tab_general');
LINE: 657

FILE: admin/controller/common/column_left.php
CODE: if ($this->user->hasPermission('access', 'catalog/filter')) {
LINE: 98

FILE: admin/language/en-gb/catalog/product.php
CODE: $_['text_success']
LINE: 12

FILE: admin/language/ru-ru/catalog/product.php
CODE: $_['text_success']
LINE: 12

FILE: admin/language/en-gb/common/column_left.php
CODE: $_['text_option']
LINE: 43

FILE: admin/language/ru-ru/common/column_left.php
CODE: $_['text_option']
LINE: 43

FILE: admin/model/catalog/product.php
CODE: if (isset($data['image'])) {
LINE: 22
LINE: 161
CODE: $data['product_attribute'] = $this->getProductAttributes($product_id);
LINE: 329
CODE: $this->db->query("DELETE FROM " . DB_PREFIX . "product WHERE product_id = '" . (int)$product_id . "'");
LINE: 354

FILE: admin/view/template/catalog/product_form.tpl
CODE: <?php echo $footer; ?>
LINE: 1435

FILE: catalog/controller/startup/maintenance.php
CODE: index() {
LINE: 7

FILE: catalog/controller/startup/seo_url.php
CODE: $this->url->addRewrite($this);
LINE: 12

FILE: catalog/model/catalog/product.php
CODE: $sql .= " LEFT JOIN " . DB_PREFIX . "product_description
LINE: 92
LINE: 464
CODE: if (!empty($data['filter_manufacturer_id
LINE: 173
LINE: 552

FILE: catalog/controller/product/category.php
CODE: $data['breadcrumbs'] = array();
LINE: 50
CODE: $product_total =
LINE: 193
LINE: 462
CODE: if (isset($this->request->get['filter'])) {
LINE: 252
CODE: if (isset($this->request->get['filter'])) {
LINE: 305
CODE: if (isset($this->request->get['filter'])) {
LINE: 340
CODE: $data['limit'] = $limit;
LINE: 478

FILE: system/library/document.php
CODE: public function getLinks
LINE: 51
CODE: private $keywords;
LINE: 9
CODE: public function setTitle($title) {
LINE: 25

FILE: catalog/controller/common/header.php
CODE: $data['scripts'] = $this->document->getScripts();
LINE: 38

FILE: catalog/view/theme/default/template/common/header.tpl
CODE: </title>
LINE: 18

FILE: catalog/view/theme/okshop/template/common/header.tpl
CODE: </title>
LINE: 12
----------------------------------------------------------------
2018-04-01 13:36:30 - MOD: Modification Default

FILE: system/engine/action.php
REGEX: ~(require|include)(_once)?\(([^)]+)~
LINE: 41

FILE: system/engine/loader.php
REGEX: ~(require|include)(_once)?\(([^)]+)~
LINE: 49
LINE: 108
LINE: 120
LINE: 165

FILE: system/library/config.php
REGEX: ~(require|include)(_once)?\(([^)]+)~
LINE: 23

FILE: system/library/language.php
REGEX: ~(require|include)(_once)?\(([^)]+)~
LINE: 38
LINE: 40
LINE: 49
LINE: 51
LINE: 60
LINE: 62

FILE: system/library/template/php.php
REGEX: ~(require|include)(_once)?\(([^)]+)~
LINE: 18

FILE: system/library/template/tiwg.php
REGEX: ~(require|include)(_once)?\(([^)]+)~
LINE: 24
----------------------------------------------------------------
MOD: Guest Newsletter Subscription

FILE: admin/controller/marketing/contact.php
CODE: $this->load->model('sale/order');
LINE: 108
CODE: case 'newsletter':
LINE: 126
CODE: case 'customer_all':
LINE: 146
----------------------------------------------------------------
MOD: Local copy OCMOD by iSenseLabs

FILE: admin/controller/extension/installer.php
CODE: 'url'  => str_replace('&amp;', '&', $this->url->link('extension/installer/ftp', 'token=' . $this->session->data['token'],
LINE: 131
CODE: public function unzip() {
LINE: 292
----------------------------------------------------------------
MOD: OCFilter Modification

FILE: admin/controller/catalog/product.php
CODE: function getForm() {
LINE: 549
CODE: $this->language->get('tab_general');
LINE: 657

FILE: admin/controller/common/column_left.php
CODE: if ($this->user->hasPermission('access', 'catalog/filter')) {
LINE: 98

FILE: admin/language/en-gb/catalog/product.php
CODE: $_['text_success']
LINE: 12

FILE: admin/language/ru-ru/catalog/product.php
CODE: $_['text_success']
LINE: 12

FILE: admin/language/en-gb/common/column_left.php
CODE: $_['text_option']
LINE: 43

FILE: admin/language/ru-ru/common/column_left.php
CODE: $_['text_option']
LINE: 43

FILE: admin/model/catalog/product.php
CODE: if (isset($data['image'])) {
LINE: 22
LINE: 161
CODE: $data['product_attribute'] = $this->getProductAttributes($product_id);
LINE: 329
CODE: $this->db->query("DELETE FROM " . DB_PREFIX . "product WHERE product_id = '" . (int)$product_id . "'");
LINE: 354

FILE: admin/view/template/catalog/product_form.tpl
CODE: <?php echo $footer; ?>
LINE: 1435

FILE: catalog/controller/startup/maintenance.php
CODE: index() {
LINE: 7

FILE: catalog/controller/startup/seo_url.php
CODE: $this->url->addRewrite($this);
LINE: 12

FILE: catalog/model/catalog/product.php
CODE: $sql .= " LEFT JOIN " . DB_PREFIX . "product_description
LINE: 92
LINE: 464
CODE: if (!empty($data['filter_manufacturer_id
LINE: 173
LINE: 552

FILE: catalog/controller/product/category.php
CODE: $data['breadcrumbs'] = array();
LINE: 50
CODE: $product_total =
LINE: 193
LINE: 462
CODE: if (isset($this->request->get['filter'])) {
LINE: 252
CODE: if (isset($this->request->get['filter'])) {
LINE: 305
CODE: if (isset($this->request->get['filter'])) {
LINE: 340
CODE: $data['limit'] = $limit;
LINE: 478

FILE: system/library/document.php
CODE: public function getLinks
LINE: 51
CODE: private $keywords;
LINE: 9
CODE: public function setTitle($title) {
LINE: 25

FILE: catalog/controller/common/header.php
CODE: $data['scripts'] = $this->document->getScripts();
LINE: 38

FILE: catalog/view/theme/default/template/common/header.tpl
CODE: </title>
LINE: 18

FILE: catalog/view/theme/okshop/template/common/header.tpl
CODE: </title>
LINE: 12
----------------------------------------------------------------
2018-04-01 13:36:48 - MOD: Modification Default

FILE: system/engine/action.php
REGEX: ~(require|include)(_once)?\(([^)]+)~
LINE: 41

FILE: system/engine/loader.php
REGEX: ~(require|include)(_once)?\(([^)]+)~
LINE: 49
LINE: 108
LINE: 120
LINE: 165

FILE: system/library/config.php
REGEX: ~(require|include)(_once)?\(([^)]+)~
LINE: 23

FILE: system/library/language.php
REGEX: ~(require|include)(_once)?\(([^)]+)~
LINE: 38
LINE: 40
LINE: 49
LINE: 51
LINE: 60
LINE: 62

FILE: system/library/template/php.php
REGEX: ~(require|include)(_once)?\(([^)]+)~
LINE: 18

FILE: system/library/template/tiwg.php
REGEX: ~(require|include)(_once)?\(([^)]+)~
LINE: 24
----------------------------------------------------------------
MOD: Guest Newsletter Subscription

FILE: admin/controller/marketing/contact.php
CODE: $this->load->model('sale/order');
LINE: 108
CODE: case 'newsletter':
LINE: 126
CODE: case 'customer_all':
LINE: 146
----------------------------------------------------------------
MOD: Local copy OCMOD by iSenseLabs

FILE: admin/controller/extension/installer.php
CODE: 'url'  => str_replace('&amp;', '&', $this->url->link('extension/installer/ftp', 'token=' . $this->session->data['token'],
LINE: 131
CODE: public function unzip() {
LINE: 292
----------------------------------------------------------------
MOD: OCFilter Modification

FILE: admin/controller/catalog/product.php
CODE: function getForm() {
LINE: 549
CODE: $this->language->get('tab_general');
LINE: 657

FILE: admin/controller/common/column_left.php
CODE: if ($this->user->hasPermission('access', 'catalog/filter')) {
LINE: 98

FILE: admin/language/en-gb/catalog/product.php
CODE: $_['text_success']
LINE: 12

FILE: admin/language/ru-ru/catalog/product.php
CODE: $_['text_success']
LINE: 12

FILE: admin/language/en-gb/common/column_left.php
CODE: $_['text_option']
LINE: 43

FILE: admin/language/ru-ru/common/column_left.php
CODE: $_['text_option']
LINE: 43

FILE: admin/model/catalog/product.php
CODE: if (isset($data['image'])) {
LINE: 22
LINE: 161
CODE: $data['product_attribute'] = $this->getProductAttributes($product_id);
LINE: 329
CODE: $this->db->query("DELETE FROM " . DB_PREFIX . "product WHERE product_id = '" . (int)$product_id . "'");
LINE: 354

FILE: admin/view/template/catalog/product_form.tpl
CODE: <?php echo $footer; ?>
LINE: 1435

FILE: catalog/controller/startup/maintenance.php
CODE: index() {
LINE: 7

FILE: catalog/controller/startup/seo_url.php
CODE: $this->url->addRewrite($this);
LINE: 12

FILE: catalog/model/catalog/product.php
CODE: $sql .= " LEFT JOIN " . DB_PREFIX . "product_description
LINE: 92
LINE: 464
CODE: if (!empty($data['filter_manufacturer_id
LINE: 173
LINE: 552

FILE: catalog/controller/product/category.php
CODE: $data['breadcrumbs'] = array();
LINE: 50
CODE: $product_total =
LINE: 193
LINE: 462
CODE: if (isset($this->request->get['filter'])) {
LINE: 252
CODE: if (isset($this->request->get['filter'])) {
LINE: 305
CODE: if (isset($this->request->get['filter'])) {
LINE: 340
CODE: $data['limit'] = $limit;
LINE: 478

FILE: system/library/document.php
CODE: public function getLinks
LINE: 51
CODE: private $keywords;
LINE: 9
CODE: public function setTitle($title) {
LINE: 25

FILE: catalog/controller/common/header.php
CODE: $data['scripts'] = $this->document->getScripts();
LINE: 38

FILE: catalog/view/theme/default/template/common/header.tpl
CODE: </title>
LINE: 18

FILE: catalog/view/theme/okshop/template/common/header.tpl
CODE: </title>
LINE: 12
----------------------------------------------------------------
2018-04-01 13:41:24 - MOD: Modification Default

FILE: system/engine/action.php
REGEX: ~(require|include)(_once)?\(([^)]+)~
LINE: 41

FILE: system/engine/loader.php
REGEX: ~(require|include)(_once)?\(([^)]+)~
LINE: 49
LINE: 108
LINE: 120
LINE: 165

FILE: system/library/config.php
REGEX: ~(require|include)(_once)?\(([^)]+)~
LINE: 23

FILE: system/library/language.php
REGEX: ~(require|include)(_once)?\(([^)]+)~
LINE: 38
LINE: 40
LINE: 49
LINE: 51
LINE: 60
LINE: 62

FILE: system/library/template/php.php
REGEX: ~(require|include)(_once)?\(([^)]+)~
LINE: 18

FILE: system/library/template/tiwg.php
REGEX: ~(require|include)(_once)?\(([^)]+)~
LINE: 24
----------------------------------------------------------------
MOD: Guest Newsletter Subscription

FILE: admin/controller/marketing/contact.php
CODE: $this->load->model('sale/order');
LINE: 108
CODE: case 'newsletter':
LINE: 126
CODE: case 'customer_all':
LINE: 146
----------------------------------------------------------------
MOD: Local copy OCMOD by iSenseLabs

FILE: admin/controller/extension/installer.php
CODE: 'url'  => str_replace('&amp;', '&', $this->url->link('extension/installer/ftp', 'token=' . $this->session->data['token'],
LINE: 131
CODE: public function unzip() {
LINE: 292
----------------------------------------------------------------
MOD: OCFilter Modification

FILE: admin/controller/catalog/product.php
CODE: function getForm() {
LINE: 549
CODE: $this->language->get('tab_general');
LINE: 657

FILE: admin/controller/common/column_left.php
CODE: if ($this->user->hasPermission('access', 'catalog/filter')) {
LINE: 98

FILE: admin/language/en-gb/catalog/product.php
CODE: $_['text_success']
LINE: 12

FILE: admin/language/ru-ru/catalog/product.php
CODE: $_['text_success']
LINE: 12

FILE: admin/language/en-gb/common/column_left.php
CODE: $_['text_option']
LINE: 43

FILE: admin/language/ru-ru/common/column_left.php
CODE: $_['text_option']
LINE: 43

FILE: admin/model/catalog/product.php
CODE: if (isset($data['image'])) {
LINE: 22
LINE: 161
CODE: $data['product_attribute'] = $this->getProductAttributes($product_id);
LINE: 329
CODE: $this->db->query("DELETE FROM " . DB_PREFIX . "product WHERE product_id = '" . (int)$product_id . "'");
LINE: 354

FILE: admin/view/template/catalog/product_form.tpl
CODE: <?php echo $footer; ?>
LINE: 1435

FILE: catalog/controller/startup/maintenance.php
CODE: index() {
LINE: 7

FILE: catalog/controller/startup/seo_url.php
CODE: $this->url->addRewrite($this);
LINE: 12

FILE: catalog/model/catalog/product.php
CODE: $sql .= " LEFT JOIN " . DB_PREFIX . "product_description
LINE: 92
LINE: 464
CODE: if (!empty($data['filter_manufacturer_id
LINE: 173
LINE: 552

FILE: catalog/controller/product/category.php
CODE: $data['breadcrumbs'] = array();
LINE: 50
CODE: $product_total =
LINE: 193
LINE: 462
CODE: if (isset($this->request->get['filter'])) {
LINE: 252
CODE: if (isset($this->request->get['filter'])) {
LINE: 305
CODE: if (isset($this->request->get['filter'])) {
LINE: 340
CODE: $data['limit'] = $limit;
LINE: 478

FILE: system/library/document.php
CODE: public function getLinks
LINE: 51
CODE: private $keywords;
LINE: 9
CODE: public function setTitle($title) {
LINE: 25

FILE: catalog/controller/common/header.php
CODE: $data['scripts'] = $this->document->getScripts();
LINE: 38

FILE: catalog/view/theme/default/template/common/header.tpl
CODE: </title>
LINE: 18

FILE: catalog/view/theme/okshop/template/common/header.tpl
CODE: </title>
LINE: 12
----------------------------------------------------------------
2018-04-01 13:45:35 - MOD: Modification Default

FILE: system/engine/action.php
REGEX: ~(require|include)(_once)?\(([^)]+)~
LINE: 41

FILE: system/engine/loader.php
REGEX: ~(require|include)(_once)?\(([^)]+)~
LINE: 49
LINE: 108
LINE: 120
LINE: 165

FILE: system/library/config.php
REGEX: ~(require|include)(_once)?\(([^)]+)~
LINE: 23

FILE: system/library/language.php
REGEX: ~(require|include)(_once)?\(([^)]+)~
LINE: 38
LINE: 40
LINE: 49
LINE: 51
LINE: 60
LINE: 62

FILE: system/library/template/php.php
REGEX: ~(require|include)(_once)?\(([^)]+)~
LINE: 18

FILE: system/library/template/tiwg.php
REGEX: ~(require|include)(_once)?\(([^)]+)~
LINE: 24
----------------------------------------------------------------
MOD: Guest Newsletter Subscription

FILE: admin/controller/marketing/contact.php
CODE: $this->load->model('sale/order');
LINE: 108
CODE: case 'newsletter':
LINE: 126
CODE: case 'customer_all':
LINE: 146
----------------------------------------------------------------
MOD: Local copy OCMOD by iSenseLabs

FILE: admin/controller/extension/installer.php
CODE: 'url'  => str_replace('&amp;', '&', $this->url->link('extension/installer/ftp', 'token=' . $this->session->data['token'],
LINE: 131
CODE: public function unzip() {
LINE: 292
----------------------------------------------------------------
MOD: OCFilter Modification

FILE: admin/controller/catalog/product.php
CODE: function getForm() {
LINE: 549
CODE: $this->language->get('tab_general');
LINE: 657

FILE: admin/controller/common/column_left.php
CODE: if ($this->user->hasPermission('access', 'catalog/filter')) {
LINE: 98

FILE: admin/language/en-gb/catalog/product.php
CODE: $_['text_success']
LINE: 12

FILE: admin/language/ru-ru/catalog/product.php
CODE: $_['text_success']
LINE: 12

FILE: admin/language/en-gb/common/column_left.php
CODE: $_['text_option']
LINE: 43

FILE: admin/language/ru-ru/common/column_left.php
CODE: $_['text_option']
LINE: 43

FILE: admin/model/catalog/product.php
CODE: if (isset($data['image'])) {
LINE: 22
LINE: 161
CODE: $data['product_attribute'] = $this->getProductAttributes($product_id);
LINE: 329
CODE: $this->db->query("DELETE FROM " . DB_PREFIX . "product WHERE product_id = '" . (int)$product_id . "'");
LINE: 354

FILE: admin/view/template/catalog/product_form.tpl
CODE: <?php echo $footer; ?>
LINE: 1435

FILE: catalog/controller/startup/maintenance.php
CODE: index() {
LINE: 7

FILE: catalog/controller/startup/seo_url.php
CODE: $this->url->addRewrite($this);
LINE: 12

FILE: catalog/model/catalog/product.php
CODE: $sql .= " LEFT JOIN " . DB_PREFIX . "product_description
LINE: 92
LINE: 464
CODE: if (!empty($data['filter_manufacturer_id
LINE: 173
LINE: 552

FILE: catalog/controller/product/category.php
CODE: $data['breadcrumbs'] = array();
LINE: 50
CODE: $product_total =
LINE: 193
LINE: 462
CODE: if (isset($this->request->get['filter'])) {
LINE: 252
CODE: if (isset($this->request->get['filter'])) {
LINE: 305
CODE: if (isset($this->request->get['filter'])) {
LINE: 340
CODE: $data['limit'] = $limit;
LINE: 478

FILE: system/library/document.php
CODE: public function getLinks
LINE: 51
CODE: private $keywords;
LINE: 9
CODE: public function setTitle($title) {
LINE: 25

FILE: catalog/controller/common/header.php
CODE: $data['scripts'] = $this->document->getScripts();
LINE: 38

FILE: catalog/view/theme/default/template/common/header.tpl
CODE: </title>
LINE: 18

FILE: catalog/view/theme/okshop/template/common/header.tpl
CODE: </title>
LINE: 12
----------------------------------------------------------------
2018-04-01 13:46:44 - MOD: Modification Default

FILE: system/engine/action.php
REGEX: ~(require|include)(_once)?\(([^)]+)~
LINE: 41

FILE: system/engine/loader.php
REGEX: ~(require|include)(_once)?\(([^)]+)~
LINE: 49
LINE: 108
LINE: 120
LINE: 165

FILE: system/library/config.php
REGEX: ~(require|include)(_once)?\(([^)]+)~
LINE: 23

FILE: system/library/language.php
REGEX: ~(require|include)(_once)?\(([^)]+)~
LINE: 38
LINE: 40
LINE: 49
LINE: 51
LINE: 60
LINE: 62

FILE: system/library/template/php.php
REGEX: ~(require|include)(_once)?\(([^)]+)~
LINE: 18

FILE: system/library/template/tiwg.php
REGEX: ~(require|include)(_once)?\(([^)]+)~
LINE: 24
----------------------------------------------------------------
MOD: Guest Newsletter Subscription

FILE: admin/controller/marketing/contact.php
CODE: $this->load->model('sale/order');
LINE: 108
CODE: case 'newsletter':
LINE: 126
CODE: case 'customer_all':
LINE: 146
----------------------------------------------------------------
MOD: Local copy OCMOD by iSenseLabs

FILE: admin/controller/extension/installer.php
CODE: 'url'  => str_replace('&amp;', '&', $this->url->link('extension/installer/ftp', 'token=' . $this->session->data['token'],
LINE: 131
CODE: public function unzip() {
LINE: 292
----------------------------------------------------------------
MOD: OCFilter Modification

FILE: admin/controller/catalog/product.php
CODE: function getForm() {
LINE: 549
CODE: $this->language->get('tab_general');
LINE: 657

FILE: admin/controller/common/column_left.php
CODE: if ($this->user->hasPermission('access', 'catalog/filter')) {
LINE: 98

FILE: admin/language/en-gb/catalog/product.php
CODE: $_['text_success']
LINE: 12

FILE: admin/language/ru-ru/catalog/product.php
CODE: $_['text_success']
LINE: 12

FILE: admin/language/en-gb/common/column_left.php
CODE: $_['text_option']
LINE: 43

FILE: admin/language/ru-ru/common/column_left.php
CODE: $_['text_option']
LINE: 43

FILE: admin/model/catalog/product.php
CODE: if (isset($data['image'])) {
LINE: 22
LINE: 161
CODE: $data['product_attribute'] = $this->getProductAttributes($product_id);
LINE: 329
CODE: $this->db->query("DELETE FROM " . DB_PREFIX . "product WHERE product_id = '" . (int)$product_id . "'");
LINE: 354

FILE: admin/view/template/catalog/product_form.tpl
CODE: <?php echo $footer; ?>
LINE: 1435

FILE: catalog/controller/startup/maintenance.php
CODE: index() {
LINE: 7

FILE: catalog/controller/startup/seo_url.php
CODE: $this->url->addRewrite($this);
LINE: 12

FILE: catalog/model/catalog/product.php
CODE: $sql .= " LEFT JOIN " . DB_PREFIX . "product_description
LINE: 92
LINE: 464
CODE: if (!empty($data['filter_manufacturer_id
LINE: 173
LINE: 552

FILE: catalog/controller/product/category.php
CODE: $data['breadcrumbs'] = array();
LINE: 50
CODE: $product_total =
LINE: 193
LINE: 462
CODE: if (isset($this->request->get['filter'])) {
LINE: 252
CODE: if (isset($this->request->get['filter'])) {
LINE: 305
CODE: if (isset($this->request->get['filter'])) {
LINE: 340
CODE: $data['limit'] = $limit;
LINE: 478

FILE: system/library/document.php
CODE: public function getLinks
LINE: 51
CODE: private $keywords;
LINE: 9
CODE: public function setTitle($title) {
LINE: 25

FILE: catalog/controller/common/header.php
CODE: $data['scripts'] = $this->document->getScripts();
LINE: 38

FILE: catalog/view/theme/default/template/common/header.tpl
CODE: </title>
LINE: 18

FILE: catalog/view/theme/okshop/template/common/header.tpl
CODE: </title>
LINE: 12
----------------------------------------------------------------
